-- The C compiler identification is GNU 13.3.0
-- The CXX compiler identification is GNU 13.3.0
-- Detecting C compiler ABI info
-- Detecting C compiler ABI info - done
-- Check for working C compiler: /usr/bin/cc - skipped
-- Detecting C compile features
-- Detecting C compile features - done
-- Detecting CXX compiler ABI info
-- Detecting CXX compiler ABI info - done
-- Check for working CXX compiler: /usr/bin/c++ - skipped
-- Detecting CXX compile features
-- Detecting CXX compile features - done
-- Found ament_cmake: 2.8.4 (/opt/ros/rolling/share/ament_cmake/cmake)
-- Found Python3: /usr/bin/python3 (found version "3.12.3") found components: Interpreter 
-- Found rosidl_default_generators: 1.8.1 (/opt/ros/rolling/share/rosidl_default_generators/cmake)
-- Using all available rosidl_typesupport_c: rosidl_typesupport_fastrtps_c;rosidl_typesupport_introspection_c
-- Using all available rosidl_typesupport_cpp: rosidl_typesupport_fastrtps_cpp;rosidl_typesupport_introspection_cpp
-- Found rosidl_adapter: 5.1.2 (/opt/ros/rolling/share/rosidl_adapter/cmake)
-- Found std_msgs: 5.9.1 (/opt/ros/rolling/share/std_msgs/cmake)
-- Found ament_cmake_ros_core: 0.15.6 (/opt/ros/rolling/share/ament_cmake_ros_core/cmake)
-- Using all available rosidl_typesupport_c: rosidl_typesupport_fastrtps_c;rosidl_typesupport_introspection_c
-- Using all available rosidl_typesupport_cpp: rosidl_typesupport_fastrtps_cpp;rosidl_typesupport_introspection_cpp
-- Found Python3: /usr/bin/python3 (found version "3.12.3") found components: Interpreter Development NumPy Development.Module Development.Embed 
-- Found Python3: /usr/bin/python3 (found version "3.12.3") found components: Interpreter 
-- Configuring done (2.3s)
-- Generating done (0.0s)
-- Build files have been written to: /home/bartek/VSCodeWs/Roomba696ROS2Brain/build/create_msgs
[  2%] [34m[1mGenerating type hashes for ROS interfaces[0m
[  2%] [34m[1mGenerating Rust code for ROS interfaces[0m
[  2%] Built target ament_cmake_python_copy_create_msgs
running egg_info
creating create_msgs.egg-info
writing create_msgs.egg-info/PKG-INFO
writing dependency_links to create_msgs.egg-info/dependency_links.txt
writing top-level names to create_msgs.egg-info/top_level.txt
writing manifest file 'create_msgs.egg-info/SOURCES.txt'
[  2%] Built target create_msgs__rosidl_generator_type_description
[  3%] [34m[1mGenerating C code for ROS interfaces[0m
[  4%] [34m[1mGenerating C++ code for ROS interfaces[0m
[  4%] Built target create_msgs__rs
reading manifest file 'create_msgs.egg-info/SOURCES.txt'
writing manifest file 'create_msgs.egg-info/SOURCES.txt'
[  4%] Built target ament_cmake_python_build_create_msgs_egg
[  4%] Built target create_msgs__cpp
[  7%] [32mBuilding C object CMakeFiles/create_msgs__rosidl_generator_c.dir/rosidl_generator_c/create_msgs/msg/detail/bumper__description.c.o[0m
[  7%] [32mBuilding C object CMakeFiles/create_msgs__rosidl_generator_c.dir/rosidl_generator_c/create_msgs/msg/detail/bumper__functions.c.o[0m
[  7%] [32mBuilding C object CMakeFiles/create_msgs__rosidl_generator_c.dir/rosidl_generator_c/create_msgs/msg/detail/charging_state__description.c.o[0m
[  8%] [32mBuilding C object CMakeFiles/create_msgs__rosidl_generator_c.dir/rosidl_generator_c/create_msgs/msg/detail/charging_state__functions.c.o[0m
[  9%] [32mBuilding C object CMakeFiles/create_msgs__rosidl_generator_c.dir/rosidl_generator_c/create_msgs/msg/detail/define_song__description.c.o[0m
[ 10%] [32mBuilding C object CMakeFiles/create_msgs__rosidl_generator_c.dir/rosidl_generator_c/create_msgs/msg/detail/define_song__type_support.c.o[0m
[ 12%] [32mBuilding C object CMakeFiles/create_msgs__rosidl_generator_c.dir/rosidl_generator_c/create_msgs/msg/detail/mode__type_support.c.o[0m
[ 12%] [32mBuilding C object CMakeFiles/create_msgs__rosidl_generator_c.dir/rosidl_generator_c/create_msgs/msg/detail/mode__description.c.o[0m
[ 13%] [32mBuilding C object CMakeFiles/create_msgs__rosidl_generator_c.dir/rosidl_generator_c/create_msgs/msg/detail/mode__functions.c.o[0m
[ 14%] [32mBuilding C object CMakeFiles/create_msgs__rosidl_generator_c.dir/rosidl_generator_c/create_msgs/msg/detail/define_song__functions.c.o[0m
[ 15%] [32mBuilding C object CMakeFiles/create_msgs__rosidl_generator_c.dir/rosidl_generator_c/create_msgs/msg/detail/play_song__description.c.o[0m
[ 16%] [32mBuilding C object CMakeFiles/create_msgs__rosidl_generator_c.dir/rosidl_generator_c/create_msgs/msg/detail/play_song__functions.c.o[0m
[ 17%] [32mBuilding C object CMakeFiles/create_msgs__rosidl_generator_c.dir/rosidl_generator_c/create_msgs/msg/detail/charging_state__type_support.c.o[0m
[ 18%] [32mBuilding C object CMakeFiles/create_msgs__rosidl_generator_c.dir/rosidl_generator_c/create_msgs/msg/detail/bumper__type_support.c.o[0m
[ 20%] [32mBuilding C object CMakeFiles/create_msgs__rosidl_generator_c.dir/rosidl_generator_c/create_msgs/msg/detail/motor_setpoint__description.c.o[0m
[ 21%] [32mBuilding C object CMakeFiles/create_msgs__rosidl_generator_c.dir/rosidl_generator_c/create_msgs/msg/detail/play_song__type_support.c.o[0m
[ 22%] [32mBuilding C object CMakeFiles/create_msgs__rosidl_generator_c.dir/rosidl_generator_c/create_msgs/msg/detail/motor_setpoint__functions.c.o[0m
[ 23%] [32mBuilding C object CMakeFiles/create_msgs__rosidl_generator_c.dir/rosidl_generator_c/create_msgs/msg/detail/motor_setpoint__type_support.c.o[0m
[ 24%] [32mBuilding C object CMakeFiles/create_msgs__rosidl_generator_c.dir/rosidl_generator_c/create_msgs/msg/detail/cliff__functions.c.o[0m
[ 25%] [32mBuilding C object CMakeFiles/create_msgs__rosidl_generator_c.dir/rosidl_generator_c/create_msgs/msg/detail/cliff__description.c.o[0m
[ 26%] [32mBuilding C object CMakeFiles/create_msgs__rosidl_generator_c.dir/rosidl_generator_c/create_msgs/msg/detail/cliff__type_support.c.o[0m
[ 27%] [32m[1mLinking C shared library libcreate_msgs__rosidl_generator_c.so[0m
[ 27%] Built target create_msgs__rosidl_generator_c
[ 31%] [34m[1mGenerating C type support for eProsima Fast-RTPS[0m
[ 31%] [34m[1mGenerating C++ type support for eProsima Fast-RTPS[0m
[ 31%] [34m[1mGenerating C type support dispatch for ROS interfaces[0m
[ 31%] [34m[1mGenerating C introspection for ROS interfaces[0m
[ 32%] [34m[1mGenerating C++ introspection for ROS interfaces[0m
[ 33%] [34m[1mGenerating C++ type support dispatch for ROS interfaces[0m
[ 34%] [32mBuilding CXX object CMakeFiles/create_msgs__rosidl_typesupport_cpp.dir/rosidl_typesupport_cpp/create_msgs/msg/define_song__type_support.cpp.o[0m
[ 36%] [32mBuilding CXX object CMakeFiles/create_msgs__rosidl_typesupport_cpp.dir/rosidl_typesupport_cpp/create_msgs/msg/charging_state__type_support.cpp.o[0m
[ 36%] [32mBuilding CXX object CMakeFiles/create_msgs__rosidl_typesupport_cpp.dir/rosidl_typesupport_cpp/create_msgs/msg/bumper__type_support.cpp.o[0m
[ 38%] [32mBuilding CXX object CMakeFiles/create_msgs__rosidl_typesupport_cpp.dir/rosidl_typesupport_cpp/create_msgs/msg/mode__type_support.cpp.o[0m
[ 38%] [32mBuilding CXX object CMakeFiles/create_msgs__rosidl_typesupport_cpp.dir/rosidl_typesupport_cpp/create_msgs/msg/play_song__type_support.cpp.o[0m
[ 40%] [32mBuilding CXX object CMakeFiles/create_msgs__rosidl_typesupport_cpp.dir/rosidl_typesupport_cpp/create_msgs/msg/motor_setpoint__type_support.cpp.o[0m
[ 41%] [32mBuilding CXX object CMakeFiles/create_msgs__rosidl_typesupport_cpp.dir/rosidl_typesupport_cpp/create_msgs/msg/cliff__type_support.cpp.o[0m
[ 44%] [32mBuilding CXX object CMakeFiles/create_msgs__rosidl_typesupport_c.dir/rosidl_typesupport_c/create_msgs/msg/define_song__type_support.cpp.o[0m
[ 44%] [32mBuilding CXX object CMakeFiles/create_msgs__rosidl_typesupport_c.dir/rosidl_typesupport_c/create_msgs/msg/bumper__type_support.cpp.o[0m
[ 44%] [32mBuilding CXX object CMakeFiles/create_msgs__rosidl_typesupport_c.dir/rosidl_typesupport_c/create_msgs/msg/charging_state__type_support.cpp.o[0m
[ 45%] [32mBuilding CXX object CMakeFiles/create_msgs__rosidl_typesupport_c.dir/rosidl_typesupport_c/create_msgs/msg/mode__type_support.cpp.o[0m
[ 46%] [32mBuilding CXX object CMakeFiles/create_msgs__rosidl_typesupport_c.dir/rosidl_typesupport_c/create_msgs/msg/play_song__type_support.cpp.o[0m
[ 47%] [32mBuilding CXX object CMakeFiles/create_msgs__rosidl_typesupport_c.dir/rosidl_typesupport_c/create_msgs/msg/motor_setpoint__type_support.cpp.o[0m
[ 48%] [32mBuilding CXX object CMakeFiles/create_msgs__rosidl_typesupport_c.dir/rosidl_typesupport_c/create_msgs/msg/cliff__type_support.cpp.o[0m
[ 49%] [32m[1mLinking CXX shared library libcreate_msgs__rosidl_typesupport_c.so[0m
[ 50%] [32mBuilding C object CMakeFiles/create_msgs__rosidl_typesupport_introspection_c.dir/rosidl_typesupport_introspection_c/create_msgs/msg/detail/bumper__type_support.c.o[0m
[ 51%] [32mBuilding C object CMakeFiles/create_msgs__rosidl_typesupport_introspection_c.dir/rosidl_typesupport_introspection_c/create_msgs/msg/detail/charging_state__type_support.c.o[0m
[ 52%] [32mBuilding CXX object CMakeFiles/create_msgs__rosidl_typesupport_introspection_cpp.dir/rosidl_typesupport_introspection_cpp/create_msgs/msg/detail/charging_state__type_support.cpp.o[0m
[ 53%] [32mBuilding C object CMakeFiles/create_msgs__rosidl_typesupport_introspection_c.dir/rosidl_typesupport_introspection_c/create_msgs/msg/detail/define_song__type_support.c.o[0m
[ 54%] [32mBuilding CXX object CMakeFiles/create_msgs__rosidl_typesupport_introspection_cpp.dir/rosidl_typesupport_introspection_cpp/create_msgs/msg/detail/bumper__type_support.cpp.o[0m
[ 55%] [32mBuilding C object CMakeFiles/create_msgs__rosidl_typesupport_introspection_c.dir/rosidl_typesupport_introspection_c/create_msgs/msg/detail/mode__type_support.c.o[0m
[ 55%] Built target create_msgs__rosidl_typesupport_c
[ 56%] [32mBuilding CXX object CMakeFiles/create_msgs__rosidl_typesupport_introspection_cpp.dir/rosidl_typesupport_introspection_cpp/create_msgs/msg/detail/define_song__type_support.cpp.o[0m
[ 57%] [32mBuilding C object CMakeFiles/create_msgs__rosidl_typesupport_introspection_c.dir/rosidl_typesupport_introspection_c/create_msgs/msg/detail/play_song__type_support.c.o[0m
[ 58%] [32mBuilding C object CMakeFiles/create_msgs__rosidl_typesupport_introspection_c.dir/rosidl_typesupport_introspection_c/create_msgs/msg/detail/motor_setpoint__type_support.c.o[0m
[ 60%] [32mBuilding C object CMakeFiles/create_msgs__rosidl_typesupport_introspection_c.dir/rosidl_typesupport_introspection_c/create_msgs/msg/detail/cliff__type_support.c.o[0m
[ 61%] [32mBuilding CXX object CMakeFiles/create_msgs__rosidl_typesupport_introspection_cpp.dir/rosidl_typesupport_introspection_cpp/create_msgs/msg/detail/mode__type_support.cpp.o[0m
[ 62%] [32mBuilding CXX object CMakeFiles/create_msgs__rosidl_typesupport_introspection_cpp.dir/rosidl_typesupport_introspection_cpp/create_msgs/msg/detail/play_song__type_support.cpp.o[0m
[ 63%] [32mBuilding CXX object CMakeFiles/create_msgs__rosidl_typesupport_introspection_cpp.dir/rosidl_typesupport_introspection_cpp/create_msgs/msg/detail/motor_setpoint__type_support.cpp.o[0m
[ 64%] [32m[1mLinking C shared library libcreate_msgs__rosidl_typesupport_introspection_c.so[0m
[ 65%] [32mBuilding CXX object CMakeFiles/create_msgs__rosidl_typesupport_introspection_cpp.dir/rosidl_typesupport_introspection_cpp/create_msgs/msg/detail/cliff__type_support.cpp.o[0m
[ 66%] [32mBuilding CXX object CMakeFiles/create_msgs__rosidl_typesupport_fastrtps_c.dir/rosidl_typesupport_fastrtps_c/create_msgs/msg/detail/bumper__type_support_c.cpp.o[0m
[ 67%] [32mBuilding CXX object CMakeFiles/create_msgs__rosidl_typesupport_fastrtps_c.dir/rosidl_typesupport_fastrtps_c/create_msgs/msg/detail/charging_state__type_support_c.cpp.o[0m
[ 68%] [32mBuilding CXX object CMakeFiles/create_msgs__rosidl_typesupport_fastrtps_c.dir/rosidl_typesupport_fastrtps_c/create_msgs/msg/detail/define_song__type_support_c.cpp.o[0m
[ 68%] Built target create_msgs__rosidl_typesupport_introspection_c
[ 69%] [32mBuilding CXX object CMakeFiles/create_msgs__rosidl_typesupport_fastrtps_c.dir/rosidl_typesupport_fastrtps_c/create_msgs/msg/detail/play_song__type_support_c.cpp.o[0m
[ 70%] [32mBuilding CXX object CMakeFiles/create_msgs__rosidl_typesupport_fastrtps_c.dir/rosidl_typesupport_fastrtps_c/create_msgs/msg/detail/mode__type_support_c.cpp.o[0m
[ 71%] [32m[1mLinking CXX shared library libcreate_msgs__rosidl_typesupport_cpp.so[0m
[ 72%] [32mBuilding CXX object CMakeFiles/create_msgs__rosidl_typesupport_fastrtps_c.dir/rosidl_typesupport_fastrtps_c/create_msgs/msg/detail/motor_setpoint__type_support_c.cpp.o[0m
[ 73%] [32mBuilding CXX object CMakeFiles/create_msgs__rosidl_typesupport_fastrtps_c.dir/rosidl_typesupport_fastrtps_c/create_msgs/msg/detail/cliff__type_support_c.cpp.o[0m
[ 74%] Built target create_msgs__rosidl_typesupport_cpp
[ 74%] [32mBuilding CXX object CMakeFiles/create_msgs__rosidl_typesupport_fastrtps_cpp.dir/rosidl_typesupport_fastrtps_cpp/create_msgs/msg/detail/dds_fastrtps/bumper__type_support.cpp.o[0m
[ 75%] [32mBuilding CXX object CMakeFiles/create_msgs__rosidl_typesupport_fastrtps_cpp.dir/rosidl_typesupport_fastrtps_cpp/create_msgs/msg/detail/dds_fastrtps/charging_state__type_support.cpp.o[0m
[ 76%] [32mBuilding CXX object CMakeFiles/create_msgs__rosidl_typesupport_fastrtps_cpp.dir/rosidl_typesupport_fastrtps_cpp/create_msgs/msg/detail/dds_fastrtps/define_song__type_support.cpp.o[0m
[ 77%] [32mBuilding CXX object CMakeFiles/create_msgs__rosidl_typesupport_fastrtps_cpp.dir/rosidl_typesupport_fastrtps_cpp/create_msgs/msg/detail/dds_fastrtps/mode__type_support.cpp.o[0m
[ 78%] [32mBuilding CXX object CMakeFiles/create_msgs__rosidl_typesupport_fastrtps_cpp.dir/rosidl_typesupport_fastrtps_cpp/create_msgs/msg/detail/dds_fastrtps/play_song__type_support.cpp.o[0m
[ 81%] [32mBuilding CXX object CMakeFiles/create_msgs__rosidl_typesupport_fastrtps_cpp.dir/rosidl_typesupport_fastrtps_cpp/create_msgs/msg/detail/dds_fastrtps/cliff__type_support.cpp.o[0m
[ 81%] [32mBuilding CXX object CMakeFiles/create_msgs__rosidl_typesupport_fastrtps_cpp.dir/rosidl_typesupport_fastrtps_cpp/create_msgs/msg/detail/dds_fastrtps/motor_setpoint__type_support.cpp.o[0m
[ 82%] [32m[1mLinking CXX shared library libcreate_msgs__rosidl_typesupport_introspection_cpp.so[0m
[ 82%] Built target create_msgs__rosidl_typesupport_introspection_cpp
[ 83%] [32m[1mLinking CXX shared library libcreate_msgs__rosidl_typesupport_fastrtps_c.so[0m
[ 83%] Built target create_msgs__rosidl_typesupport_fastrtps_c
[ 84%] [32m[1mLinking CXX shared library libcreate_msgs__rosidl_typesupport_fastrtps_cpp.so[0m
[ 84%] Built target create_msgs__rosidl_typesupport_fastrtps_cpp
[ 84%] Built target create_msgs
[ 85%] [34m[1mGenerating Python code for ROS interfaces[0m
[ 85%] Built target create_msgs__py
[ 89%] [32mBuilding C object CMakeFiles/create_msgs__rosidl_generator_py.dir/rosidl_generator_py/create_msgs/msg/_charging_state_s.c.o[0m
[ 89%] [32mBuilding C object CMakeFiles/create_msgs__rosidl_generator_py.dir/rosidl_generator_py/create_msgs/msg/_mode_s.c.o[0m
[ 89%] [32mBuilding C object CMakeFiles/create_msgs__rosidl_generator_py.dir/rosidl_generator_py/create_msgs/msg/_define_song_s.c.o[0m
[ 89%] [32mBuilding C object CMakeFiles/create_msgs__rosidl_generator_py.dir/rosidl_generator_py/create_msgs/msg/_bumper_s.c.o[0m
[ 90%] [32mBuilding C object CMakeFiles/create_msgs__rosidl_generator_py.dir/rosidl_generator_py/create_msgs/msg/_play_song_s.c.o[0m
[ 91%] [32mBuilding C object CMakeFiles/create_msgs__rosidl_generator_py.dir/rosidl_generator_py/create_msgs/msg/_motor_setpoint_s.c.o[0m
[ 92%] [32mBuilding C object CMakeFiles/create_msgs__rosidl_generator_py.dir/rosidl_generator_py/create_msgs/msg/_cliff_s.c.o[0m
[ 93%] [32m[1mLinking C shared library libcreate_msgs__rosidl_generator_py.so[0m
[ 93%] Built target create_msgs__rosidl_generator_py
[ 96%] [32mBuilding C object CMakeFiles/create_msgs_s__rosidl_typesupport_fastrtps_c.dir/rosidl_generator_py/create_msgs/_create_msgs_s.ep.rosidl_typesupport_fastrtps_c.c.o[0m
[ 96%] [32mBuilding C object CMakeFiles/create_msgs_s__rosidl_typesupport_c.dir/rosidl_generator_py/create_msgs/_create_msgs_s.ep.rosidl_typesupport_c.c.o[0m
[ 96%] [32mBuilding C object CMakeFiles/create_msgs_s__rosidl_typesupport_introspection_c.dir/rosidl_generator_py/create_msgs/_create_msgs_s.ep.rosidl_typesupport_introspection_c.c.o[0m
[ 97%] [32m[1mLinking C shared module rosidl_generator_py/create_msgs/create_msgs_s__rosidl_typesupport_introspection_c.so[0m
[ 98%] [32m[1mLinking C shared module rosidl_generator_py/create_msgs/create_msgs_s__rosidl_typesupport_c.so[0m
[ 98%] Built target create_msgs_s__rosidl_typesupport_introspection_c
[100%] [32m[1mLinking C shared module rosidl_generator_py/create_msgs/create_msgs_s__rosidl_typesupport_fastrtps_c.so[0m
[100%] Built target create_msgs_s__rosidl_typesupport_c
[100%] Built target create_msgs_s__rosidl_typesupport_fastrtps_c
-- Install configuration: ""
-- Installing: /home/bartek/VSCodeWs/Roomba696ROS2Brain/install/create_msgs/share/ament_index/resource_index/rosidl_interfaces/create_msgs
-- Installing: /home/bartek/VSCodeWs/Roomba696ROS2Brain/install/create_msgs/share/create_msgs/msg/Bumper.json
-- Installing: /home/bartek/VSCodeWs/Roomba696ROS2Brain/install/create_msgs/share/create_msgs/msg/ChargingState.json
-- Installing: /home/bartek/VSCodeWs/Roomba696ROS2Brain/install/create_msgs/share/create_msgs/msg/DefineSong.json
-- Installing: /home/bartek/VSCodeWs/Roomba696ROS2Brain/install/create_msgs/share/create_msgs/msg/Mode.json
-- Installing: /home/bartek/VSCodeWs/Roomba696ROS2Brain/install/create_msgs/share/create_msgs/msg/PlaySong.json
-- Installing: /home/bartek/VSCodeWs/Roomba696ROS2Brain/install/create_msgs/share/create_msgs/msg/MotorSetpoint.json
-- Installing: /home/bartek/VSCodeWs/Roomba696ROS2Brain/install/create_msgs/share/create_msgs/msg/Cliff.json
-- Installing: /home/bartek/VSCodeWs/Roomba696ROS2Brain/install/create_msgs/include/create_msgs/create_msgs
-- Installing: /home/bartek/VSCodeWs/Roomba696ROS2Brain/install/create_msgs/include/create_msgs/create_msgs/msg
-- Installing: /home/bartek/VSCodeWs/Roomba696ROS2Brain/install/create_msgs/include/create_msgs/create_msgs/msg/play_song.h
-- Installing: /home/bartek/VSCodeWs/Roomba696ROS2Brain/install/create_msgs/include/create_msgs/create_msgs/msg/detail
-- Installing: /home/bartek/VSCodeWs/Roomba696ROS2Brain/install/create_msgs/include/create_msgs/create_msgs/msg/detail/define_song__type_support.h
-- Installing: /home/bartek/VSCodeWs/Roomba696ROS2Brain/install/create_msgs/include/create_msgs/create_msgs/msg/detail/play_song__type_support.h
-- Installing: /home/bartek/VSCodeWs/Roomba696ROS2Brain/install/create_msgs/include/create_msgs/create_msgs/msg/detail/play_song__description.c
-- Installing: /home/bartek/VSCodeWs/Roomba696ROS2Brain/install/create_msgs/include/create_msgs/create_msgs/msg/detail/motor_setpoint__description.c
-- Installing: /home/bartek/VSCodeWs/Roomba696ROS2Brain/install/create_msgs/include/create_msgs/create_msgs/msg/detail/mode__functions.c
-- Installing: /home/bartek/VSCodeWs/Roomba696ROS2Brain/install/create_msgs/include/create_msgs/create_msgs/msg/detail/motor_setpoint__type_support.c
-- Installing: /home/bartek/VSCodeWs/Roomba696ROS2Brain/install/create_msgs/include/create_msgs/create_msgs/msg/detail/cliff__type_support.h
-- Installing: /home/bartek/VSCodeWs/Roomba696ROS2Brain/install/create_msgs/include/create_msgs/create_msgs/msg/detail/cliff__type_support.c
-- Installing: /home/bartek/VSCodeWs/Roomba696ROS2Brain/install/create_msgs/include/create_msgs/create_msgs/msg/detail/cliff__functions.h
-- Installing: /home/bartek/VSCodeWs/Roomba696ROS2Brain/install/create_msgs/include/create_msgs/create_msgs/msg/detail/play_song__functions.c
-- Installing: /home/bartek/VSCodeWs/Roomba696ROS2Brain/install/create_msgs/include/create_msgs/create_msgs/msg/detail/play_song__functions.h
-- Installing: /home/bartek/VSCodeWs/Roomba696ROS2Brain/install/create_msgs/include/create_msgs/create_msgs/msg/detail/mode__struct.h
-- Installing: /home/bartek/VSCodeWs/Roomba696ROS2Brain/install/create_msgs/include/create_msgs/create_msgs/msg/detail/cliff__struct.h
-- Installing: /home/bartek/VSCodeWs/Roomba696ROS2Brain/install/create_msgs/include/create_msgs/create_msgs/msg/detail/mode__functions.h
-- Installing: /home/bartek/VSCodeWs/Roomba696ROS2Brain/install/create_msgs/include/create_msgs/create_msgs/msg/detail/play_song__type_support.c
-- Installing: /home/bartek/VSCodeWs/Roomba696ROS2Brain/install/create_msgs/include/create_msgs/create_msgs/msg/detail/motor_setpoint__functions.h
-- Installing: /home/bartek/VSCodeWs/Roomba696ROS2Brain/install/create_msgs/include/create_msgs/create_msgs/msg/detail/charging_state__functions.c
-- Installing: /home/bartek/VSCodeWs/Roomba696ROS2Brain/install/create_msgs/include/create_msgs/create_msgs/msg/detail/charging_state__description.c
-- Installing: /home/bartek/VSCodeWs/Roomba696ROS2Brain/install/create_msgs/include/create_msgs/create_msgs/msg/detail/mode__type_support.c
-- Installing: /home/bartek/VSCodeWs/Roomba696ROS2Brain/install/create_msgs/include/create_msgs/create_msgs/msg/detail/mode__type_support.h
-- Installing: /home/bartek/VSCodeWs/Roomba696ROS2Brain/install/create_msgs/include/create_msgs/create_msgs/msg/detail/cliff__functions.c
-- Installing: /home/bartek/VSCodeWs/Roomba696ROS2Brain/install/create_msgs/include/create_msgs/create_msgs/msg/detail/bumper__functions.c
-- Installing: /home/bartek/VSCodeWs/Roomba696ROS2Brain/install/create_msgs/include/create_msgs/create_msgs/msg/detail/define_song__struct.h
-- Installing: /home/bartek/VSCodeWs/Roomba696ROS2Brain/install/create_msgs/include/create_msgs/create_msgs/msg/detail/define_song__functions.h
-- Installing: /home/bartek/VSCodeWs/Roomba696ROS2Brain/install/create_msgs/include/create_msgs/create_msgs/msg/detail/motor_setpoint__functions.c
-- Installing: /home/bartek/VSCodeWs/Roomba696ROS2Brain/install/create_msgs/include/create_msgs/create_msgs/msg/detail/define_song__type_support.c
-- Installing: /home/bartek/VSCodeWs/Roomba696ROS2Brain/install/create_msgs/include/create_msgs/create_msgs/msg/detail/play_song__struct.h
-- Installing: /home/bartek/VSCodeWs/Roomba696ROS2Brain/install/create_msgs/include/create_msgs/create_msgs/msg/detail/charging_state__functions.h
-- Installing: /home/bartek/VSCodeWs/Roomba696ROS2Brain/install/create_msgs/include/create_msgs/create_msgs/msg/detail/bumper__functions.h
-- Installing: /home/bartek/VSCodeWs/Roomba696ROS2Brain/install/create_msgs/include/create_msgs/create_msgs/msg/detail/motor_setpoint__struct.h
-- Installing: /home/bartek/VSCodeWs/Roomba696ROS2Brain/install/create_msgs/include/create_msgs/create_msgs/msg/detail/bumper__type_support.h
-- Installing: /home/bartek/VSCodeWs/Roomba696ROS2Brain/install/create_msgs/include/create_msgs/create_msgs/msg/detail/charging_state__type_support.c
-- Installing: /home/bartek/VSCodeWs/Roomba696ROS2Brain/install/create_msgs/include/create_msgs/create_msgs/msg/detail/charging_state__type_support.h
-- Installing: /home/bartek/VSCodeWs/Roomba696ROS2Brain/install/create_msgs/include/create_msgs/create_msgs/msg/detail/define_song__functions.c
-- Installing: /home/bartek/VSCodeWs/Roomba696ROS2Brain/install/create_msgs/include/create_msgs/create_msgs/msg/detail/mode__description.c
-- Installing: /home/bartek/VSCodeWs/Roomba696ROS2Brain/install/create_msgs/include/create_msgs/create_msgs/msg/detail/bumper__type_support.c
-- Installing: /home/bartek/VSCodeWs/Roomba696ROS2Brain/install/create_msgs/include/create_msgs/create_msgs/msg/detail/define_song__description.c
-- Installing: /home/bartek/VSCodeWs/Roomba696ROS2Brain/install/create_msgs/include/create_msgs/create_msgs/msg/detail/bumper__struct.h
-- Installing: /home/bartek/VSCodeWs/Roomba696ROS2Brain/install/create_msgs/include/create_msgs/create_msgs/msg/detail/cliff__description.c
-- Installing: /home/bartek/VSCodeWs/Roomba696ROS2Brain/install/create_msgs/include/create_msgs/create_msgs/msg/detail/charging_state__struct.h
-- Installing: /home/bartek/VSCodeWs/Roomba696ROS2Brain/install/create_msgs/include/create_msgs/create_msgs/msg/detail/bumper__description.c
-- Installing: /home/bartek/VSCodeWs/Roomba696ROS2Brain/install/create_msgs/include/create_msgs/create_msgs/msg/detail/motor_setpoint__type_support.h
-- Installing: /home/bartek/VSCodeWs/Roomba696ROS2Brain/install/create_msgs/include/create_msgs/create_msgs/msg/cliff.h
-- Installing: /home/bartek/VSCodeWs/Roomba696ROS2Brain/install/create_msgs/include/create_msgs/create_msgs/msg/charging_state.h
-- Installing: /home/bartek/VSCodeWs/Roomba696ROS2Brain/install/create_msgs/include/create_msgs/create_msgs/msg/mode.h
-- Installing: /home/bartek/VSCodeWs/Roomba696ROS2Brain/install/create_msgs/include/create_msgs/create_msgs/msg/define_song.h
-- Installing: /home/bartek/VSCodeWs/Roomba696ROS2Brain/install/create_msgs/include/create_msgs/create_msgs/msg/rosidl_generator_c__visibility_control.h
-- Installing: /home/bartek/VSCodeWs/Roomba696ROS2Brain/install/create_msgs/include/create_msgs/create_msgs/msg/motor_setpoint.h
-- Installing: /home/bartek/VSCodeWs/Roomba696ROS2Brain/install/create_msgs/include/create_msgs/create_msgs/msg/bumper.h
-- Installing: /home/bartek/VSCodeWs/Roomba696ROS2Brain/install/create_msgs/share/create_msgs/environment/library_path.sh
-- Installing: /home/bartek/VSCodeWs/Roomba696ROS2Brain/install/create_msgs/share/create_msgs/environment/library_path.dsv
-- Installing: /home/bartek/VSCodeWs/Roomba696ROS2Brain/install/create_msgs/lib/libcreate_msgs__rosidl_generator_c.so
-- Set non-toolchain portion of runtime path of "/home/bartek/VSCodeWs/Roomba696ROS2Brain/install/create_msgs/lib/libcreate_msgs__rosidl_generator_c.so" to ""
-- Up-to-date: /home/bartek/VSCodeWs/Roomba696ROS2Brain/install/create_msgs/include/create_msgs/create_msgs
-- Up-to-date: /home/bartek/VSCodeWs/Roomba696ROS2Brain/install/create_msgs/include/create_msgs/create_msgs/msg
-- Up-to-date: /home/bartek/VSCodeWs/Roomba696ROS2Brain/install/create_msgs/include/create_msgs/create_msgs/msg/detail
-- Installing: /home/bartek/VSCodeWs/Roomba696ROS2Brain/install/create_msgs/include/create_msgs/create_msgs/msg/detail/play_song__rosidl_typesupport_fastrtps_c.h
-- Installing: /home/bartek/VSCodeWs/Roomba696ROS2Brain/install/create_msgs/include/create_msgs/create_msgs/msg/detail/motor_setpoint__rosidl_typesupport_fastrtps_c.h
-- Installing: /home/bartek/VSCodeWs/Roomba696ROS2Brain/install/create_msgs/include/create_msgs/create_msgs/msg/detail/cliff__rosidl_typesupport_fastrtps_c.h
-- Installing: /home/bartek/VSCodeWs/Roomba696ROS2Brain/install/create_msgs/include/create_msgs/create_msgs/msg/detail/mode__rosidl_typesupport_fastrtps_c.h
-- Installing: /home/bartek/VSCodeWs/Roomba696ROS2Brain/install/create_msgs/include/create_msgs/create_msgs/msg/detail/bumper__rosidl_typesupport_fastrtps_c.h
-- Installing: /home/bartek/VSCodeWs/Roomba696ROS2Brain/install/create_msgs/include/create_msgs/create_msgs/msg/detail/charging_state__rosidl_typesupport_fastrtps_c.h
-- Installing: /home/bartek/VSCodeWs/Roomba696ROS2Brain/install/create_msgs/include/create_msgs/create_msgs/msg/detail/define_song__rosidl_typesupport_fastrtps_c.h
-- Installing: /home/bartek/VSCodeWs/Roomba696ROS2Brain/install/create_msgs/include/create_msgs/create_msgs/msg/rosidl_typesupport_fastrtps_c__visibility_control.h
-- Installing: /home/bartek/VSCodeWs/Roomba696ROS2Brain/install/create_msgs/lib/libcreate_msgs__rosidl_typesupport_fastrtps_c.so
-- Set non-toolchain portion of runtime path of "/home/bartek/VSCodeWs/Roomba696ROS2Brain/install/create_msgs/lib/libcreate_msgs__rosidl_typesupport_fastrtps_c.so" to ""
-- Up-to-date: /home/bartek/VSCodeWs/Roomba696ROS2Brain/install/create_msgs/include/create_msgs/create_msgs
-- Up-to-date: /home/bartek/VSCodeWs/Roomba696ROS2Brain/install/create_msgs/include/create_msgs/create_msgs/msg
-- Up-to-date: /home/bartek/VSCodeWs/Roomba696ROS2Brain/install/create_msgs/include/create_msgs/create_msgs/msg/detail
-- Installing: /home/bartek/VSCodeWs/Roomba696ROS2Brain/install/create_msgs/include/create_msgs/create_msgs/msg/detail/play_song__rosidl_typesupport_introspection_c.h
-- Installing: /home/bartek/VSCodeWs/Roomba696ROS2Brain/install/create_msgs/include/create_msgs/create_msgs/msg/detail/motor_setpoint__type_support.c
-- Installing: /home/bartek/VSCodeWs/Roomba696ROS2Brain/install/create_msgs/include/create_msgs/create_msgs/msg/detail/cliff__type_support.c
-- Installing: /home/bartek/VSCodeWs/Roomba696ROS2Brain/install/create_msgs/include/create_msgs/create_msgs/msg/detail/bumper__rosidl_typesupport_introspection_c.h
-- Installing: /home/bartek/VSCodeWs/Roomba696ROS2Brain/install/create_msgs/include/create_msgs/create_msgs/msg/detail/play_song__type_support.c
-- Installing: /home/bartek/VSCodeWs/Roomba696ROS2Brain/install/create_msgs/include/create_msgs/create_msgs/msg/detail/mode__type_support.c
-- Installing: /home/bartek/VSCodeWs/Roomba696ROS2Brain/install/create_msgs/include/create_msgs/create_msgs/msg/detail/mode__rosidl_typesupport_introspection_c.h
-- Installing: /home/bartek/VSCodeWs/Roomba696ROS2Brain/install/create_msgs/include/create_msgs/create_msgs/msg/detail/define_song__type_support.c
-- Installing: /home/bartek/VSCodeWs/Roomba696ROS2Brain/install/create_msgs/include/create_msgs/create_msgs/msg/detail/define_song__rosidl_typesupport_introspection_c.h
-- Installing: /home/bartek/VSCodeWs/Roomba696ROS2Brain/install/create_msgs/include/create_msgs/create_msgs/msg/detail/charging_state__rosidl_typesupport_introspection_c.h
-- Installing: /home/bartek/VSCodeWs/Roomba696ROS2Brain/install/create_msgs/include/create_msgs/create_msgs/msg/detail/charging_state__type_support.c
-- Installing: /home/bartek/VSCodeWs/Roomba696ROS2Brain/install/create_msgs/include/create_msgs/create_msgs/msg/detail/bumper__type_support.c
-- Installing: /home/bartek/VSCodeWs/Roomba696ROS2Brain/install/create_msgs/include/create_msgs/create_msgs/msg/detail/cliff__rosidl_typesupport_introspection_c.h
-- Installing: /home/bartek/VSCodeWs/Roomba696ROS2Brain/install/create_msgs/include/create_msgs/create_msgs/msg/detail/motor_setpoint__rosidl_typesupport_introspection_c.h
-- Installing: /home/bartek/VSCodeWs/Roomba696ROS2Brain/install/create_msgs/include/create_msgs/create_msgs/msg/rosidl_typesupport_introspection_c__visibility_control.h
-- Installing: /home/bartek/VSCodeWs/Roomba696ROS2Brain/install/create_msgs/lib/libcreate_msgs__rosidl_typesupport_introspection_c.so
-- Set non-toolchain portion of runtime path of "/home/bartek/VSCodeWs/Roomba696ROS2Brain/install/create_msgs/lib/libcreate_msgs__rosidl_typesupport_introspection_c.so" to ""
-- Installing: /home/bartek/VSCodeWs/Roomba696ROS2Brain/install/create_msgs/lib/libcreate_msgs__rosidl_typesupport_c.so
-- Set non-toolchain portion of runtime path of "/home/bartek/VSCodeWs/Roomba696ROS2Brain/install/create_msgs/lib/libcreate_msgs__rosidl_typesupport_c.so" to ""
-- Up-to-date: /home/bartek/VSCodeWs/Roomba696ROS2Brain/install/create_msgs/include/create_msgs/create_msgs
-- Up-to-date: /home/bartek/VSCodeWs/Roomba696ROS2Brain/install/create_msgs/include/create_msgs/create_msgs/msg
-- Installing: /home/bartek/VSCodeWs/Roomba696ROS2Brain/install/create_msgs/include/create_msgs/create_msgs/msg/define_song.hpp
-- Installing: /home/bartek/VSCodeWs/Roomba696ROS2Brain/install/create_msgs/include/create_msgs/create_msgs/msg/cliff.hpp
-- Up-to-date: /home/bartek/VSCodeWs/Roomba696ROS2Brain/install/create_msgs/include/create_msgs/create_msgs/msg/detail
-- Installing: /home/bartek/VSCodeWs/Roomba696ROS2Brain/install/create_msgs/include/create_msgs/create_msgs/msg/detail/mode__traits.hpp
-- Installing: /home/bartek/VSCodeWs/Roomba696ROS2Brain/install/create_msgs/include/create_msgs/create_msgs/msg/detail/cliff__struct.hpp
-- Installing: /home/bartek/VSCodeWs/Roomba696ROS2Brain/install/create_msgs/include/create_msgs/create_msgs/msg/detail/cliff__traits.hpp
-- Installing: /home/bartek/VSCodeWs/Roomba696ROS2Brain/install/create_msgs/include/create_msgs/create_msgs/msg/detail/define_song__struct.hpp
-- Installing: /home/bartek/VSCodeWs/Roomba696ROS2Brain/install/create_msgs/include/create_msgs/create_msgs/msg/detail/play_song__traits.hpp
-- Installing: /home/bartek/VSCodeWs/Roomba696ROS2Brain/install/create_msgs/include/create_msgs/create_msgs/msg/detail/mode__type_support.hpp
-- Installing: /home/bartek/VSCodeWs/Roomba696ROS2Brain/install/create_msgs/include/create_msgs/create_msgs/msg/detail/play_song__struct.hpp
-- Installing: /home/bartek/VSCodeWs/Roomba696ROS2Brain/install/create_msgs/include/create_msgs/create_msgs/msg/detail/bumper__builder.hpp
-- Installing: /home/bartek/VSCodeWs/Roomba696ROS2Brain/install/create_msgs/include/create_msgs/create_msgs/msg/detail/play_song__type_support.hpp
-- Installing: /home/bartek/VSCodeWs/Roomba696ROS2Brain/install/create_msgs/include/create_msgs/create_msgs/msg/detail/bumper__traits.hpp
-- Installing: /home/bartek/VSCodeWs/Roomba696ROS2Brain/install/create_msgs/include/create_msgs/create_msgs/msg/detail/define_song__type_support.hpp
-- Installing: /home/bartek/VSCodeWs/Roomba696ROS2Brain/install/create_msgs/include/create_msgs/create_msgs/msg/detail/bumper__struct.hpp
-- Installing: /home/bartek/VSCodeWs/Roomba696ROS2Brain/install/create_msgs/include/create_msgs/create_msgs/msg/detail/define_song__traits.hpp
-- Installing: /home/bartek/VSCodeWs/Roomba696ROS2Brain/install/create_msgs/include/create_msgs/create_msgs/msg/detail/define_song__builder.hpp
-- Installing: /home/bartek/VSCodeWs/Roomba696ROS2Brain/install/create_msgs/include/create_msgs/create_msgs/msg/detail/mode__struct.hpp
-- Installing: /home/bartek/VSCodeWs/Roomba696ROS2Brain/install/create_msgs/include/create_msgs/create_msgs/msg/detail/motor_setpoint__struct.hpp
-- Installing: /home/bartek/VSCodeWs/Roomba696ROS2Brain/install/create_msgs/include/create_msgs/create_msgs/msg/detail/charging_state__struct.hpp
-- Installing: /home/bartek/VSCodeWs/Roomba696ROS2Brain/install/create_msgs/include/create_msgs/create_msgs/msg/detail/cliff__type_support.hpp
-- Installing: /home/bartek/VSCodeWs/Roomba696ROS2Brain/install/create_msgs/include/create_msgs/create_msgs/msg/detail/bumper__type_support.hpp
-- Installing: /home/bartek/VSCodeWs/Roomba696ROS2Brain/install/create_msgs/include/create_msgs/create_msgs/msg/detail/play_song__builder.hpp
-- Installing: /home/bartek/VSCodeWs/Roomba696ROS2Brain/install/create_msgs/include/create_msgs/create_msgs/msg/detail/cliff__builder.hpp
-- Installing: /home/bartek/VSCodeWs/Roomba696ROS2Brain/install/create_msgs/include/create_msgs/create_msgs/msg/detail/charging_state__traits.hpp
-- Installing: /home/bartek/VSCodeWs/Roomba696ROS2Brain/install/create_msgs/include/create_msgs/create_msgs/msg/detail/mode__builder.hpp
-- Installing: /home/bartek/VSCodeWs/Roomba696ROS2Brain/install/create_msgs/include/create_msgs/create_msgs/msg/detail/charging_state__builder.hpp
-- Installing: /home/bartek/VSCodeWs/Roomba696ROS2Brain/install/create_msgs/include/create_msgs/create_msgs/msg/detail/charging_state__type_support.hpp
-- Installing: /home/bartek/VSCodeWs/Roomba696ROS2Brain/install/create_msgs/include/create_msgs/create_msgs/msg/detail/motor_setpoint__builder.hpp
-- Installing: /home/bartek/VSCodeWs/Roomba696ROS2Brain/install/create_msgs/include/create_msgs/create_msgs/msg/detail/motor_setpoint__traits.hpp
-- Installing: /home/bartek/VSCodeWs/Roomba696ROS2Brain/install/create_msgs/include/create_msgs/create_msgs/msg/detail/motor_setpoint__type_support.hpp
-- Installing: /home/bartek/VSCodeWs/Roomba696ROS2Brain/install/create_msgs/include/create_msgs/create_msgs/msg/charging_state.hpp
-- Installing: /home/bartek/VSCodeWs/Roomba696ROS2Brain/install/create_msgs/include/create_msgs/create_msgs/msg/bumper.hpp
-- Installing: /home/bartek/VSCodeWs/Roomba696ROS2Brain/install/create_msgs/include/create_msgs/create_msgs/msg/motor_setpoint.hpp
-- Installing: /home/bartek/VSCodeWs/Roomba696ROS2Brain/install/create_msgs/include/create_msgs/create_msgs/msg/rosidl_generator_cpp__visibility_control.hpp
-- Installing: /home/bartek/VSCodeWs/Roomba696ROS2Brain/install/create_msgs/include/create_msgs/create_msgs/msg/mode.hpp
-- Installing: /home/bartek/VSCodeWs/Roomba696ROS2Brain/install/create_msgs/include/create_msgs/create_msgs/msg/play_song.hpp
-- Up-to-date: /home/bartek/VSCodeWs/Roomba696ROS2Brain/install/create_msgs/include/create_msgs/create_msgs
-- Up-to-date: /home/bartek/VSCodeWs/Roomba696ROS2Brain/install/create_msgs/include/create_msgs/create_msgs/msg
-- Up-to-date: /home/bartek/VSCodeWs/Roomba696ROS2Brain/install/create_msgs/include/create_msgs/create_msgs/msg/detail
-- Installing: /home/bartek/VSCodeWs/Roomba696ROS2Brain/install/create_msgs/include/create_msgs/create_msgs/msg/detail/charging_state__rosidl_typesupport_fastrtps_cpp.hpp
-- Installing: /home/bartek/VSCodeWs/Roomba696ROS2Brain/install/create_msgs/include/create_msgs/create_msgs/msg/detail/mode__rosidl_typesupport_fastrtps_cpp.hpp
-- Installing: /home/bartek/VSCodeWs/Roomba696ROS2Brain/install/create_msgs/include/create_msgs/create_msgs/msg/detail/dds_fastrtps
-- Installing: /home/bartek/VSCodeWs/Roomba696ROS2Brain/install/create_msgs/include/create_msgs/create_msgs/msg/detail/bumper__rosidl_typesupport_fastrtps_cpp.hpp
-- Installing: /home/bartek/VSCodeWs/Roomba696ROS2Brain/install/create_msgs/include/create_msgs/create_msgs/msg/detail/define_song__rosidl_typesupport_fastrtps_cpp.hpp
-- Installing: /home/bartek/VSCodeWs/Roomba696ROS2Brain/install/create_msgs/include/create_msgs/create_msgs/msg/detail/motor_setpoint__rosidl_typesupport_fastrtps_cpp.hpp
-- Installing: /home/bartek/VSCodeWs/Roomba696ROS2Brain/install/create_msgs/include/create_msgs/create_msgs/msg/detail/cliff__rosidl_typesupport_fastrtps_cpp.hpp
-- Installing: /home/bartek/VSCodeWs/Roomba696ROS2Brain/install/create_msgs/include/create_msgs/create_msgs/msg/detail/play_song__rosidl_typesupport_fastrtps_cpp.hpp
-- Installing: /home/bartek/VSCodeWs/Roomba696ROS2Brain/install/create_msgs/include/create_msgs/create_msgs/msg/rosidl_typesupport_fastrtps_cpp__visibility_control.h
-- Installing: /home/bartek/VSCodeWs/Roomba696ROS2Brain/install/create_msgs/lib/libcreate_msgs__rosidl_typesupport_fastrtps_cpp.so
-- Set non-toolchain portion of runtime path of "/home/bartek/VSCodeWs/Roomba696ROS2Brain/install/create_msgs/lib/libcreate_msgs__rosidl_typesupport_fastrtps_cpp.so" to ""
-- Up-to-date: /home/bartek/VSCodeWs/Roomba696ROS2Brain/install/create_msgs/include/create_msgs/create_msgs
-- Up-to-date: /home/bartek/VSCodeWs/Roomba696ROS2Brain/install/create_msgs/include/create_msgs/create_msgs/msg
-- Up-to-date: /home/bartek/VSCodeWs/Roomba696ROS2Brain/install/create_msgs/include/create_msgs/create_msgs/msg/detail
-- Installing: /home/bartek/VSCodeWs/Roomba696ROS2Brain/install/create_msgs/include/create_msgs/create_msgs/msg/detail/motor_setpoint__rosidl_typesupport_introspection_cpp.hpp
-- Installing: /home/bartek/VSCodeWs/Roomba696ROS2Brain/install/create_msgs/include/create_msgs/create_msgs/msg/detail/motor_setpoint__type_support.cpp
-- Installing: /home/bartek/VSCodeWs/Roomba696ROS2Brain/install/create_msgs/include/create_msgs/create_msgs/msg/detail/cliff__type_support.cpp
-- Installing: /home/bartek/VSCodeWs/Roomba696ROS2Brain/install/create_msgs/include/create_msgs/create_msgs/msg/detail/define_song__type_support.cpp
-- Installing: /home/bartek/VSCodeWs/Roomba696ROS2Brain/install/create_msgs/include/create_msgs/create_msgs/msg/detail/mode__rosidl_typesupport_introspection_cpp.hpp
-- Installing: /home/bartek/VSCodeWs/Roomba696ROS2Brain/install/create_msgs/include/create_msgs/create_msgs/msg/detail/define_song__rosidl_typesupport_introspection_cpp.hpp
-- Installing: /home/bartek/VSCodeWs/Roomba696ROS2Brain/install/create_msgs/include/create_msgs/create_msgs/msg/detail/charging_state__type_support.cpp
-- Installing: /home/bartek/VSCodeWs/Roomba696ROS2Brain/install/create_msgs/include/create_msgs/create_msgs/msg/detail/cliff__rosidl_typesupport_introspection_cpp.hpp
-- Installing: /home/bartek/VSCodeWs/Roomba696ROS2Brain/install/create_msgs/include/create_msgs/create_msgs/msg/detail/play_song__type_support.cpp
-- Installing: /home/bartek/VSCodeWs/Roomba696ROS2Brain/install/create_msgs/include/create_msgs/create_msgs/msg/detail/charging_state__rosidl_typesupport_introspection_cpp.hpp
-- Installing: /home/bartek/VSCodeWs/Roomba696ROS2Brain/install/create_msgs/include/create_msgs/create_msgs/msg/detail/bumper__type_support.cpp
-- Installing: /home/bartek/VSCodeWs/Roomba696ROS2Brain/install/create_msgs/include/create_msgs/create_msgs/msg/detail/play_song__rosidl_typesupport_introspection_cpp.hpp
-- Installing: /home/bartek/VSCodeWs/Roomba696ROS2Brain/install/create_msgs/include/create_msgs/create_msgs/msg/detail/bumper__rosidl_typesupport_introspection_cpp.hpp
-- Installing: /home/bartek/VSCodeWs/Roomba696ROS2Brain/install/create_msgs/include/create_msgs/create_msgs/msg/detail/mode__type_support.cpp
-- Installing: /home/bartek/VSCodeWs/Roomba696ROS2Brain/install/create_msgs/lib/libcreate_msgs__rosidl_typesupport_introspection_cpp.so
-- Set non-toolchain portion of runtime path of "/home/bartek/VSCodeWs/Roomba696ROS2Brain/install/create_msgs/lib/libcreate_msgs__rosidl_typesupport_introspection_cpp.so" to ""
-- Installing: /home/bartek/VSCodeWs/Roomba696ROS2Brain/install/create_msgs/lib/libcreate_msgs__rosidl_typesupport_cpp.so
-- Set non-toolchain portion of runtime path of "/home/bartek/VSCodeWs/Roomba696ROS2Brain/install/create_msgs/lib/libcreate_msgs__rosidl_typesupport_cpp.so" to ""
-- Installing: /home/bartek/VSCodeWs/Roomba696ROS2Brain/install/create_msgs/share/create_msgs/environment/pythonpath.sh
-- Installing: /home/bartek/VSCodeWs/Roomba696ROS2Brain/install/create_msgs/share/create_msgs/environment/pythonpath.dsv
-- Installing: /home/bartek/VSCodeWs/Roomba696ROS2Brain/install/create_msgs/lib/python3.12/site-packages/create_msgs-3.1.0-py3.12.egg-info
-- Installing: /home/bartek/VSCodeWs/Roomba696ROS2Brain/install/create_msgs/lib/python3.12/site-packages/create_msgs-3.1.0-py3.12.egg-info/dependency_links.txt
-- Installing: /home/bartek/VSCodeWs/Roomba696ROS2Brain/install/create_msgs/lib/python3.12/site-packages/create_msgs-3.1.0-py3.12.egg-info/top_level.txt
-- Installing: /home/bartek/VSCodeWs/Roomba696ROS2Brain/install/create_msgs/lib/python3.12/site-packages/create_msgs-3.1.0-py3.12.egg-info/PKG-INFO
-- Installing: /home/bartek/VSCodeWs/Roomba696ROS2Brain/install/create_msgs/lib/python3.12/site-packages/create_msgs-3.1.0-py3.12.egg-info/SOURCES.txt
-- Installing: /home/bartek/VSCodeWs/Roomba696ROS2Brain/install/create_msgs/lib/python3.12/site-packages/create_msgs
-- Installing: /home/bartek/VSCodeWs/Roomba696ROS2Brain/install/create_msgs/lib/python3.12/site-packages/create_msgs/_create_msgs_s.ep.rosidl_typesupport_introspection_c.c
-- Installing: /home/bartek/VSCodeWs/Roomba696ROS2Brain/install/create_msgs/lib/python3.12/site-packages/create_msgs/__init__.py
-- Installing: /home/bartek/VSCodeWs/Roomba696ROS2Brain/install/create_msgs/lib/python3.12/site-packages/create_msgs/create_msgs_s__rosidl_typesupport_c.so
-- Installing: /home/bartek/VSCodeWs/Roomba696ROS2Brain/install/create_msgs/lib/python3.12/site-packages/create_msgs/_create_msgs_s.ep.rosidl_typesupport_fastrtps_c.c
-- Installing: /home/bartek/VSCodeWs/Roomba696ROS2Brain/install/create_msgs/lib/python3.12/site-packages/create_msgs/create_msgs_s__rosidl_typesupport_introspection_c.so
-- Installing: /home/bartek/VSCodeWs/Roomba696ROS2Brain/install/create_msgs/lib/python3.12/site-packages/create_msgs/msg
-- Installing: /home/bartek/VSCodeWs/Roomba696ROS2Brain/install/create_msgs/lib/python3.12/site-packages/create_msgs/msg/_motor_setpoint_s.c
-- Installing: /home/bartek/VSCodeWs/Roomba696ROS2Brain/install/create_msgs/lib/python3.12/site-packages/create_msgs/msg/__init__.py
-- Installing: /home/bartek/VSCodeWs/Roomba696ROS2Brain/install/create_msgs/lib/python3.12/site-packages/create_msgs/msg/_motor_setpoint.py
-- Installing: /home/bartek/VSCodeWs/Roomba696ROS2Brain/install/create_msgs/lib/python3.12/site-packages/create_msgs/msg/_cliff_s.c
-- Installing: /home/bartek/VSCodeWs/Roomba696ROS2Brain/install/create_msgs/lib/python3.12/site-packages/create_msgs/msg/_mode.py
-- Installing: /home/bartek/VSCodeWs/Roomba696ROS2Brain/install/create_msgs/lib/python3.12/site-packages/create_msgs/msg/_cliff.py
-- Installing: /home/bartek/VSCodeWs/Roomba696ROS2Brain/install/create_msgs/lib/python3.12/site-packages/create_msgs/msg/_define_song_s.c
-- Installing: /home/bartek/VSCodeWs/Roomba696ROS2Brain/install/create_msgs/lib/python3.12/site-packages/create_msgs/msg/_charging_state.py
-- Installing: /home/bartek/VSCodeWs/Roomba696ROS2Brain/install/create_msgs/lib/python3.12/site-packages/create_msgs/msg/_bumper_s.c
-- Installing: /home/bartek/VSCodeWs/Roomba696ROS2Brain/install/create_msgs/lib/python3.12/site-packages/create_msgs/msg/_define_song.py
-- Installing: /home/bartek/VSCodeWs/Roomba696ROS2Brain/install/create_msgs/lib/python3.12/site-packages/create_msgs/msg/_charging_state_s.c
-- Installing: /home/bartek/VSCodeWs/Roomba696ROS2Brain/install/create_msgs/lib/python3.12/site-packages/create_msgs/msg/_play_song_s.c
-- Installing: /home/bartek/VSCodeWs/Roomba696ROS2Brain/install/create_msgs/lib/python3.12/site-packages/create_msgs/msg/_play_song.py
-- Installing: /home/bartek/VSCodeWs/Roomba696ROS2Brain/install/create_msgs/lib/python3.12/site-packages/create_msgs/msg/_mode_s.c
-- Installing: /home/bartek/VSCodeWs/Roomba696ROS2Brain/install/create_msgs/lib/python3.12/site-packages/create_msgs/msg/_bumper.py
-- Installing: /home/bartek/VSCodeWs/Roomba696ROS2Brain/install/create_msgs/lib/python3.12/site-packages/create_msgs/create_msgs_s__rosidl_typesupport_fastrtps_c.so
-- Installing: /home/bartek/VSCodeWs/Roomba696ROS2Brain/install/create_msgs/lib/python3.12/site-packages/create_msgs/_create_msgs_s.ep.rosidl_typesupport_c.c
-- Installing: /home/bartek/VSCodeWs/Roomba696ROS2Brain/install/create_msgs/lib/python3.12/site-packages/create_msgs/py.typed
Listing '/home/bartek/VSCodeWs/Roomba696ROS2Brain/install/create_msgs/lib/python3.12/site-packages/create_msgs'...
Compiling '/home/bartek/VSCodeWs/Roomba696ROS2Brain/install/create_msgs/lib/python3.12/site-packages/create_msgs/__init__.py'...
Listing '/home/bartek/VSCodeWs/Roomba696ROS2Brain/install/create_msgs/lib/python3.12/site-packages/create_msgs/msg'...
Compiling '/home/bartek/VSCodeWs/Roomba696ROS2Brain/install/create_msgs/lib/python3.12/site-packages/create_msgs/msg/__init__.py'...
Compiling '/home/bartek/VSCodeWs/Roomba696ROS2Brain/install/create_msgs/lib/python3.12/site-packages/create_msgs/msg/_bumper.py'...
Compiling '/home/bartek/VSCodeWs/Roomba696ROS2Brain/install/create_msgs/lib/python3.12/site-packages/create_msgs/msg/_charging_state.py'...
Compiling '/home/bartek/VSCodeWs/Roomba696ROS2Brain/install/create_msgs/lib/python3.12/site-packages/create_msgs/msg/_cliff.py'...
Compiling '/home/bartek/VSCodeWs/Roomba696ROS2Brain/install/create_msgs/lib/python3.12/site-packages/create_msgs/msg/_define_song.py'...
Compiling '/home/bartek/VSCodeWs/Roomba696ROS2Brain/install/create_msgs/lib/python3.12/site-packages/create_msgs/msg/_mode.py'...
Compiling '/home/bartek/VSCodeWs/Roomba696ROS2Brain/install/create_msgs/lib/python3.12/site-packages/create_msgs/msg/_motor_setpoint.py'...
Compiling '/home/bartek/VSCodeWs/Roomba696ROS2Brain/install/create_msgs/lib/python3.12/site-packages/create_msgs/msg/_play_song.py'...
-- Installing: /home/bartek/VSCodeWs/Roomba696ROS2Brain/install/create_msgs/lib/python3.12/site-packages/create_msgs/create_msgs_s__rosidl_typesupport_fastrtps_c.so
-- Set non-toolchain portion of runtime path of "/home/bartek/VSCodeWs/Roomba696ROS2Brain/install/create_msgs/lib/python3.12/site-packages/create_msgs/create_msgs_s__rosidl_typesupport_fastrtps_c.so" to ""
-- Installing: /home/bartek/VSCodeWs/Roomba696ROS2Brain/install/create_msgs/lib/python3.12/site-packages/create_msgs/create_msgs_s__rosidl_typesupport_introspection_c.so
-- Set non-toolchain portion of runtime path of "/home/bartek/VSCodeWs/Roomba696ROS2Brain/install/create_msgs/lib/python3.12/site-packages/create_msgs/create_msgs_s__rosidl_typesupport_introspection_c.so" to ""
-- Installing: /home/bartek/VSCodeWs/Roomba696ROS2Brain/install/create_msgs/lib/python3.12/site-packages/create_msgs/create_msgs_s__rosidl_typesupport_c.so
-- Set non-toolchain portion of runtime path of "/home/bartek/VSCodeWs/Roomba696ROS2Brain/install/create_msgs/lib/python3.12/site-packages/create_msgs/create_msgs_s__rosidl_typesupport_c.so" to ""
-- Installing: /home/bartek/VSCodeWs/Roomba696ROS2Brain/install/create_msgs/lib/libcreate_msgs__rosidl_generator_py.so
-- Set non-toolchain portion of runtime path of "/home/bartek/VSCodeWs/Roomba696ROS2Brain/install/create_msgs/lib/libcreate_msgs__rosidl_generator_py.so" to ""
-- Installing: /home/bartek/VSCodeWs/Roomba696ROS2Brain/install/create_msgs/share/ament_index/resource_index/rust_packages/create_msgs
-- Installing: /home/bartek/VSCodeWs/Roomba696ROS2Brain/install/create_msgs/share/create_msgs/rust
-- Installing: /home/bartek/VSCodeWs/Roomba696ROS2Brain/install/create_msgs/share/create_msgs/rust/build.rs
-- Installing: /home/bartek/VSCodeWs/Roomba696ROS2Brain/install/create_msgs/share/create_msgs/rust/src
-- Installing: /home/bartek/VSCodeWs/Roomba696ROS2Brain/install/create_msgs/share/create_msgs/rust/src/lib.rs
-- Installing: /home/bartek/VSCodeWs/Roomba696ROS2Brain/install/create_msgs/share/create_msgs/rust/src/msg.rs
-- Installing: /home/bartek/VSCodeWs/Roomba696ROS2Brain/install/create_msgs/share/create_msgs/rust/Cargo.toml
-- Installing: /home/bartek/VSCodeWs/Roomba696ROS2Brain/install/create_msgs/share/create_msgs/msg/Bumper.idl
-- Installing: /home/bartek/VSCodeWs/Roomba696ROS2Brain/install/create_msgs/share/create_msgs/msg/ChargingState.idl
-- Installing: /home/bartek/VSCodeWs/Roomba696ROS2Brain/install/create_msgs/share/create_msgs/msg/DefineSong.idl
-- Installing: /home/bartek/VSCodeWs/Roomba696ROS2Brain/install/create_msgs/share/create_msgs/msg/Mode.idl
-- Installing: /home/bartek/VSCodeWs/Roomba696ROS2Brain/install/create_msgs/share/create_msgs/msg/PlaySong.idl
-- Installing: /home/bartek/VSCodeWs/Roomba696ROS2Brain/install/create_msgs/share/create_msgs/msg/MotorSetpoint.idl
-- Installing: /home/bartek/VSCodeWs/Roomba696ROS2Brain/install/create_msgs/share/create_msgs/msg/Cliff.idl
-- Installing: /home/bartek/VSCodeWs/Roomba696ROS2Brain/install/create_msgs/share/create_msgs/msg/Bumper.msg
-- Installing: /home/bartek/VSCodeWs/Roomba696ROS2Brain/install/create_msgs/share/create_msgs/msg/ChargingState.msg
-- Installing: /home/bartek/VSCodeWs/Roomba696ROS2Brain/install/create_msgs/share/create_msgs/msg/DefineSong.msg
-- Installing: /home/bartek/VSCodeWs/Roomba696ROS2Brain/install/create_msgs/share/create_msgs/msg/Mode.msg
-- Installing: /home/bartek/VSCodeWs/Roomba696ROS2Brain/install/create_msgs/share/create_msgs/msg/PlaySong.msg
-- Installing: /home/bartek/VSCodeWs/Roomba696ROS2Brain/install/create_msgs/share/create_msgs/msg/MotorSetpoint.msg
-- Installing: /home/bartek/VSCodeWs/Roomba696ROS2Brain/install/create_msgs/share/create_msgs/msg/Cliff.msg
-- Installing: /home/bartek/VSCodeWs/Roomba696ROS2Brain/install/create_msgs/share/ament_index/resource_index/package_run_dependencies/create_msgs
-- Installing: /home/bartek/VSCodeWs/Roomba696ROS2Brain/install/create_msgs/share/ament_index/resource_index/parent_prefix_path/create_msgs
-- Installing: /home/bartek/VSCodeWs/Roomba696ROS2Brain/install/create_msgs/share/create_msgs/environment/ament_prefix_path.sh
-- Installing: /home/bartek/VSCodeWs/Roomba696ROS2Brain/install/create_msgs/share/create_msgs/environment/ament_prefix_path.dsv
-- Installing: /home/bartek/VSCodeWs/Roomba696ROS2Brain/install/create_msgs/share/create_msgs/environment/path.sh
-- Installing: /home/bartek/VSCodeWs/Roomba696ROS2Brain/install/create_msgs/share/create_msgs/environment/path.dsv
-- Installing: /home/bartek/VSCodeWs/Roomba696ROS2Brain/install/create_msgs/share/create_msgs/local_setup.bash
-- Installing: /home/bartek/VSCodeWs/Roomba696ROS2Brain/install/create_msgs/share/create_msgs/local_setup.sh
-- Installing: /home/bartek/VSCodeWs/Roomba696ROS2Brain/install/create_msgs/share/create_msgs/local_setup.zsh
-- Installing: /home/bartek/VSCodeWs/Roomba696ROS2Brain/install/create_msgs/share/create_msgs/local_setup.dsv
-- Installing: /home/bartek/VSCodeWs/Roomba696ROS2Brain/install/create_msgs/share/create_msgs/package.dsv
-- Installing: /home/bartek/VSCodeWs/Roomba696ROS2Brain/install/create_msgs/share/ament_index/resource_index/packages/create_msgs
-- Installing: /home/bartek/VSCodeWs/Roomba696ROS2Brain/install/create_msgs/share/create_msgs/cmake/export_create_msgs__rosidl_generator_cExport.cmake
-- Installing: /home/bartek/VSCodeWs/Roomba696ROS2Brain/install/create_msgs/share/create_msgs/cmake/export_create_msgs__rosidl_generator_cExport-noconfig.cmake
-- Installing: /home/bartek/VSCodeWs/Roomba696ROS2Brain/install/create_msgs/share/create_msgs/cmake/export_create_msgs__rosidl_typesupport_fastrtps_cExport.cmake
-- Installing: /home/bartek/VSCodeWs/Roomba696ROS2Brain/install/create_msgs/share/create_msgs/cmake/export_create_msgs__rosidl_typesupport_fastrtps_cExport-noconfig.cmake
-- Installing: /home/bartek/VSCodeWs/Roomba696ROS2Brain/install/create_msgs/share/create_msgs/cmake/create_msgs__rosidl_typesupport_introspection_cExport.cmake
-- Installing: /home/bartek/VSCodeWs/Roomba696ROS2Brain/install/create_msgs/share/create_msgs/cmake/create_msgs__rosidl_typesupport_introspection_cExport-noconfig.cmake
-- Installing: /home/bartek/VSCodeWs/Roomba696ROS2Brain/install/create_msgs/share/create_msgs/cmake/create_msgs__rosidl_typesupport_cExport.cmake
-- Installing: /home/bartek/VSCodeWs/Roomba696ROS2Brain/install/create_msgs/share/create_msgs/cmake/create_msgs__rosidl_typesupport_cExport-noconfig.cmake
-- Installing: /home/bartek/VSCodeWs/Roomba696ROS2Brain/install/create_msgs/share/create_msgs/cmake/export_create_msgs__rosidl_generator_cppExport.cmake
-- Installing: /home/bartek/VSCodeWs/Roomba696ROS2Brain/install/create_msgs/share/create_msgs/cmake/export_create_msgs__rosidl_typesupport_fastrtps_cppExport.cmake
-- Installing: /home/bartek/VSCodeWs/Roomba696ROS2Brain/install/create_msgs/share/create_msgs/cmake/export_create_msgs__rosidl_typesupport_fastrtps_cppExport-noconfig.cmake
-- Installing: /home/bartek/VSCodeWs/Roomba696ROS2Brain/install/create_msgs/share/create_msgs/cmake/create_msgs__rosidl_typesupport_introspection_cppExport.cmake
-- Installing: /home/bartek/VSCodeWs/Roomba696ROS2Brain/install/create_msgs/share/create_msgs/cmake/create_msgs__rosidl_typesupport_introspection_cppExport-noconfig.cmake
-- Installing: /home/bartek/VSCodeWs/Roomba696ROS2Brain/install/create_msgs/share/create_msgs/cmake/create_msgs__rosidl_typesupport_cppExport.cmake
-- Installing: /home/bartek/VSCodeWs/Roomba696ROS2Brain/install/create_msgs/share/create_msgs/cmake/create_msgs__rosidl_typesupport_cppExport-noconfig.cmake
-- Installing: /home/bartek/VSCodeWs/Roomba696ROS2Brain/install/create_msgs/share/create_msgs/cmake/export_create_msgs__rosidl_generator_pyExport.cmake
-- Installing: /home/bartek/VSCodeWs/Roomba696ROS2Brain/install/create_msgs/share/create_msgs/cmake/export_create_msgs__rosidl_generator_pyExport-noconfig.cmake
-- Installing: /home/bartek/VSCodeWs/Roomba696ROS2Brain/install/create_msgs/share/create_msgs/cmake/rosidl_cmake-extras.cmake
-- Installing: /home/bartek/VSCodeWs/Roomba696ROS2Brain/install/create_msgs/share/create_msgs/cmake/ament_cmake_export_dependencies-extras.cmake
-- Installing: /home/bartek/VSCodeWs/Roomba696ROS2Brain/install/create_msgs/share/create_msgs/cmake/ament_cmake_export_include_directories-extras.cmake
-- Installing: /home/bartek/VSCodeWs/Roomba696ROS2Brain/install/create_msgs/share/create_msgs/cmake/ament_cmake_export_libraries-extras.cmake
-- Installing: /home/bartek/VSCodeWs/Roomba696ROS2Brain/install/create_msgs/share/create_msgs/cmake/ament_cmake_export_targets-extras.cmake
-- Installing: /home/bartek/VSCodeWs/Roomba696ROS2Brain/install/create_msgs/share/create_msgs/cmake/rosidl_cmake_export_typesupport_targets-extras.cmake
-- Installing: /home/bartek/VSCodeWs/Roomba696ROS2Brain/install/create_msgs/share/create_msgs/cmake/rosidl_cmake_export_typesupport_libraries-extras.cmake
-- Installing: /home/bartek/VSCodeWs/Roomba696ROS2Brain/install/create_msgs/share/create_msgs/cmake/create_msgsConfig.cmake
-- Installing: /home/bartek/VSCodeWs/Roomba696ROS2Brain/install/create_msgs/share/create_msgs/cmake/create_msgsConfig-version.cmake
-- Installing: /home/bartek/VSCodeWs/Roomba696ROS2Brain/install/create_msgs/share/create_msgs/package.xml
