[0.008s] Invoking command in '/home/bartek/VSCodeWs/Roomba696ROS2Brain/build/create_msgs': CMAKE_PREFIX_PATH=${CMAKE_PREFIX_PATH}:/opt/ros/rolling DEBUGINFOD_URLS=https://debuginfod.ubuntu.com /usr/bin/cmake /home/bartek/VSCodeWs/Roomba696ROS2Brain/src/create_robot/create_msgs -DCMAKE_INSTALL_PREFIX=/home/bartek/VSCodeWs/Roomba696ROS2Brain/install/create_msgs
[0.092s] -- The C compiler identification is GNU 13.3.0
[0.165s] -- The CXX compiler identification is GNU 13.3.0
[0.179s] -- Detecting C compiler ABI info
[0.248s] -- Detecting C compiler ABI info - done
[0.256s] -- Check for working C compiler: /usr/bin/cc - skipped
[0.256s] -- Detecting C compile features
[0.257s] -- Detecting C compile features - done
[0.264s] -- Detecting CXX compiler ABI info
[0.336s] -- Detecting CXX compiler ABI info - done
[0.344s] -- Check for working CXX compiler: /usr/bin/c++ - skipped
[0.344s] -- Detecting CXX compile features
[0.344s] -- Detecting CXX compile features - done
[0.346s] -- Found ament_cmake: 2.8.4 (/opt/ros/rolling/share/ament_cmake/cmake)
[0.458s] -- Found Python3: /usr/bin/python3 (found version "3.12.3") found components: Interpreter 
[0.536s] -- Found rosidl_default_generators: 1.8.1 (/opt/ros/rolling/share/rosidl_default_generators/cmake)
[0.540s] -- Using all available rosidl_typesupport_c: rosidl_typesupport_fastrtps_c;rosidl_typesupport_introspection_c
[0.563s] -- Using all available rosidl_typesupport_cpp: rosidl_typesupport_fastrtps_cpp;rosidl_typesupport_introspection_cpp
[0.589s] -- Found rosidl_adapter: 5.1.2 (/opt/ros/rolling/share/rosidl_adapter/cmake)
[0.591s] -- Found std_msgs: 5.9.1 (/opt/ros/rolling/share/std_msgs/cmake)
[1.087s] -- Found ament_cmake_ros_core: 0.15.6 (/opt/ros/rolling/share/ament_cmake_ros_core/cmake)
[1.442s] -- Using all available rosidl_typesupport_c: rosidl_typesupport_fastrtps_c;rosidl_typesupport_introspection_c
[1.886s] -- Using all available rosidl_typesupport_cpp: rosidl_typesupport_fastrtps_cpp;rosidl_typesupport_introspection_cpp
[2.234s] -- Found Python3: /usr/bin/python3 (found version "3.12.3") found components: Interpreter Development NumPy Development.Module Development.Embed 
[2.293s] -- Found Python3: /usr/bin/python3 (found version "3.12.3") found components: Interpreter 
[2.300s] -- Configuring done (2.3s)
[2.341s] -- Generating done (0.0s)
[2.354s] -- Build files have been written to: /home/bartek/VSCodeWs/Roomba696ROS2Brain/build/create_msgs
[2.359s] Invoked command in '/home/bartek/VSCodeWs/Roomba696ROS2Brain/build/create_msgs' returned '0': CMAKE_PREFIX_PATH=${CMAKE_PREFIX_PATH}:/opt/ros/rolling DEBUGINFOD_URLS=https://debuginfod.ubuntu.com /usr/bin/cmake /home/bartek/VSCodeWs/Roomba696ROS2Brain/src/create_robot/create_msgs -DCMAKE_INSTALL_PREFIX=/home/bartek/VSCodeWs/Roomba696ROS2Brain/install/create_msgs
[2.360s] Invoking command in '/home/bartek/VSCodeWs/Roomba696ROS2Brain/build/create_msgs': CMAKE_PREFIX_PATH=${CMAKE_PREFIX_PATH}:/opt/ros/rolling DEBUGINFOD_URLS=https://debuginfod.ubuntu.com /usr/bin/cmake --build /home/bartek/VSCodeWs/Roomba696ROS2Brain/build/create_msgs -- -j16 -l16
[2.399s] [  2%] [34m[1mGenerating type hashes for ROS interfaces[0m
[2.399s] [  2%] [34m[1mGenerating Rust code for ROS interfaces[0m
[2.405s] [  2%] Built target ament_cmake_python_copy_create_msgs
[2.630s] running egg_info
[2.630s] creating create_msgs.egg-info
[2.655s] writing create_msgs.egg-info/PKG-INFO
[2.655s] writing dependency_links to create_msgs.egg-info/dependency_links.txt
[2.655s] writing top-level names to create_msgs.egg-info/top_level.txt
[2.655s] writing manifest file 'create_msgs.egg-info/SOURCES.txt'
[2.711s] [  2%] Built target create_msgs__rosidl_generator_type_description
[2.719s] [  3%] [34m[1mGenerating C code for ROS interfaces[0m
[2.726s] [  4%] [34m[1mGenerating C++ code for ROS interfaces[0m
[2.731s] [  4%] Built target create_msgs__rs
[2.734s] reading manifest file 'create_msgs.egg-info/SOURCES.txt'
[2.734s] writing manifest file 'create_msgs.egg-info/SOURCES.txt'
[2.758s] [  4%] Built target ament_cmake_python_build_create_msgs_egg
[3.235s] [  4%] Built target create_msgs__cpp
[3.319s] [  7%] [32mBuilding C object CMakeFiles/create_msgs__rosidl_generator_c.dir/rosidl_generator_c/create_msgs/msg/detail/bumper__description.c.o[0m
[3.319s] [  7%] [32mBuilding C object CMakeFiles/create_msgs__rosidl_generator_c.dir/rosidl_generator_c/create_msgs/msg/detail/bumper__functions.c.o[0m
[3.319s] [  7%] [32mBuilding C object CMakeFiles/create_msgs__rosidl_generator_c.dir/rosidl_generator_c/create_msgs/msg/detail/charging_state__description.c.o[0m
[3.319s] [  8%] [32mBuilding C object CMakeFiles/create_msgs__rosidl_generator_c.dir/rosidl_generator_c/create_msgs/msg/detail/charging_state__functions.c.o[0m
[3.320s] [  9%] [32mBuilding C object CMakeFiles/create_msgs__rosidl_generator_c.dir/rosidl_generator_c/create_msgs/msg/detail/define_song__description.c.o[0m
[3.321s] [ 10%] [32mBuilding C object CMakeFiles/create_msgs__rosidl_generator_c.dir/rosidl_generator_c/create_msgs/msg/detail/define_song__type_support.c.o[0m
[3.321s] [ 12%] [32mBuilding C object CMakeFiles/create_msgs__rosidl_generator_c.dir/rosidl_generator_c/create_msgs/msg/detail/mode__type_support.c.o[0m
[3.321s] [ 12%] [32mBuilding C object CMakeFiles/create_msgs__rosidl_generator_c.dir/rosidl_generator_c/create_msgs/msg/detail/mode__description.c.o[0m
[3.321s] [ 13%] [32mBuilding C object CMakeFiles/create_msgs__rosidl_generator_c.dir/rosidl_generator_c/create_msgs/msg/detail/mode__functions.c.o[0m
[3.321s] [ 14%] [32mBuilding C object CMakeFiles/create_msgs__rosidl_generator_c.dir/rosidl_generator_c/create_msgs/msg/detail/define_song__functions.c.o[0m
[3.321s] [ 15%] [32mBuilding C object CMakeFiles/create_msgs__rosidl_generator_c.dir/rosidl_generator_c/create_msgs/msg/detail/play_song__description.c.o[0m
[3.322s] [ 16%] [32mBuilding C object CMakeFiles/create_msgs__rosidl_generator_c.dir/rosidl_generator_c/create_msgs/msg/detail/play_song__functions.c.o[0m
[3.322s] [ 17%] [32mBuilding C object CMakeFiles/create_msgs__rosidl_generator_c.dir/rosidl_generator_c/create_msgs/msg/detail/charging_state__type_support.c.o[0m
[3.325s] [ 18%] [32mBuilding C object CMakeFiles/create_msgs__rosidl_generator_c.dir/rosidl_generator_c/create_msgs/msg/detail/bumper__type_support.c.o[0m
[3.325s] [ 20%] [32mBuilding C object CMakeFiles/create_msgs__rosidl_generator_c.dir/rosidl_generator_c/create_msgs/msg/detail/motor_setpoint__description.c.o[0m
[3.326s] [ 21%] [32mBuilding C object CMakeFiles/create_msgs__rosidl_generator_c.dir/rosidl_generator_c/create_msgs/msg/detail/play_song__type_support.c.o[0m
[3.361s] [ 22%] [32mBuilding C object CMakeFiles/create_msgs__rosidl_generator_c.dir/rosidl_generator_c/create_msgs/msg/detail/motor_setpoint__functions.c.o[0m
[3.366s] [ 23%] [32mBuilding C object CMakeFiles/create_msgs__rosidl_generator_c.dir/rosidl_generator_c/create_msgs/msg/detail/motor_setpoint__type_support.c.o[0m
[3.366s] [ 24%] [32mBuilding C object CMakeFiles/create_msgs__rosidl_generator_c.dir/rosidl_generator_c/create_msgs/msg/detail/cliff__functions.c.o[0m
[3.368s] [ 25%] [32mBuilding C object CMakeFiles/create_msgs__rosidl_generator_c.dir/rosidl_generator_c/create_msgs/msg/detail/cliff__description.c.o[0m
[3.372s] [ 26%] [32mBuilding C object CMakeFiles/create_msgs__rosidl_generator_c.dir/rosidl_generator_c/create_msgs/msg/detail/cliff__type_support.c.o[0m
[3.410s] [ 27%] [32m[1mLinking C shared library libcreate_msgs__rosidl_generator_c.so[0m
[3.440s] [ 27%] Built target create_msgs__rosidl_generator_c
[3.448s] [ 31%] [34m[1mGenerating C type support for eProsima Fast-RTPS[0m
[3.448s] [ 31%] [34m[1mGenerating C++ type support for eProsima Fast-RTPS[0m
[3.448s] [ 31%] [34m[1mGenerating C type support dispatch for ROS interfaces[0m
[3.448s] [ 31%] [34m[1mGenerating C introspection for ROS interfaces[0m
[3.448s] [ 32%] [34m[1mGenerating C++ introspection for ROS interfaces[0m
[3.448s] [ 33%] [34m[1mGenerating C++ type support dispatch for ROS interfaces[0m
[3.823s] [ 34%] [32mBuilding CXX object CMakeFiles/create_msgs__rosidl_typesupport_cpp.dir/rosidl_typesupport_cpp/create_msgs/msg/define_song__type_support.cpp.o[0m
[3.824s] [ 36%] [32mBuilding CXX object CMakeFiles/create_msgs__rosidl_typesupport_cpp.dir/rosidl_typesupport_cpp/create_msgs/msg/charging_state__type_support.cpp.o[0m
[3.824s] [ 36%] [32mBuilding CXX object CMakeFiles/create_msgs__rosidl_typesupport_cpp.dir/rosidl_typesupport_cpp/create_msgs/msg/bumper__type_support.cpp.o[0m
[3.824s] [ 38%] [32mBuilding CXX object CMakeFiles/create_msgs__rosidl_typesupport_cpp.dir/rosidl_typesupport_cpp/create_msgs/msg/mode__type_support.cpp.o[0m
[3.825s] [ 38%] [32mBuilding CXX object CMakeFiles/create_msgs__rosidl_typesupport_cpp.dir/rosidl_typesupport_cpp/create_msgs/msg/play_song__type_support.cpp.o[0m
[3.825s] [ 40%] [32mBuilding CXX object CMakeFiles/create_msgs__rosidl_typesupport_cpp.dir/rosidl_typesupport_cpp/create_msgs/msg/motor_setpoint__type_support.cpp.o[0m
[3.825s] [ 41%] [32mBuilding CXX object CMakeFiles/create_msgs__rosidl_typesupport_cpp.dir/rosidl_typesupport_cpp/create_msgs/msg/cliff__type_support.cpp.o[0m
[3.861s] [ 44%] [32mBuilding CXX object CMakeFiles/create_msgs__rosidl_typesupport_c.dir/rosidl_typesupport_c/create_msgs/msg/define_song__type_support.cpp.o[0m
[3.861s] [ 44%] [32mBuilding CXX object CMakeFiles/create_msgs__rosidl_typesupport_c.dir/rosidl_typesupport_c/create_msgs/msg/bumper__type_support.cpp.o[0m
[3.863s] [ 44%] [32mBuilding CXX object CMakeFiles/create_msgs__rosidl_typesupport_c.dir/rosidl_typesupport_c/create_msgs/msg/charging_state__type_support.cpp.o[0m
[3.863s] [ 45%] [32mBuilding CXX object CMakeFiles/create_msgs__rosidl_typesupport_c.dir/rosidl_typesupport_c/create_msgs/msg/mode__type_support.cpp.o[0m
[3.885s] [ 46%] [32mBuilding CXX object CMakeFiles/create_msgs__rosidl_typesupport_c.dir/rosidl_typesupport_c/create_msgs/msg/play_song__type_support.cpp.o[0m
[3.923s] [ 47%] [32mBuilding CXX object CMakeFiles/create_msgs__rosidl_typesupport_c.dir/rosidl_typesupport_c/create_msgs/msg/motor_setpoint__type_support.cpp.o[0m
[3.926s] [ 48%] [32mBuilding CXX object CMakeFiles/create_msgs__rosidl_typesupport_c.dir/rosidl_typesupport_c/create_msgs/msg/cliff__type_support.cpp.o[0m
[3.987s] [ 49%] [32m[1mLinking CXX shared library libcreate_msgs__rosidl_typesupport_c.so[0m
[4.000s] [ 50%] [32mBuilding C object CMakeFiles/create_msgs__rosidl_typesupport_introspection_c.dir/rosidl_typesupport_introspection_c/create_msgs/msg/detail/bumper__type_support.c.o[0m
[4.002s] [ 51%] [32mBuilding C object CMakeFiles/create_msgs__rosidl_typesupport_introspection_c.dir/rosidl_typesupport_introspection_c/create_msgs/msg/detail/charging_state__type_support.c.o[0m
[4.002s] [ 52%] [32mBuilding CXX object CMakeFiles/create_msgs__rosidl_typesupport_introspection_cpp.dir/rosidl_typesupport_introspection_cpp/create_msgs/msg/detail/charging_state__type_support.cpp.o[0m
[4.005s] [ 53%] [32mBuilding C object CMakeFiles/create_msgs__rosidl_typesupport_introspection_c.dir/rosidl_typesupport_introspection_c/create_msgs/msg/detail/define_song__type_support.c.o[0m
[4.006s] [ 54%] [32mBuilding CXX object CMakeFiles/create_msgs__rosidl_typesupport_introspection_cpp.dir/rosidl_typesupport_introspection_cpp/create_msgs/msg/detail/bumper__type_support.cpp.o[0m
[4.014s] [ 55%] [32mBuilding C object CMakeFiles/create_msgs__rosidl_typesupport_introspection_c.dir/rosidl_typesupport_introspection_c/create_msgs/msg/detail/mode__type_support.c.o[0m
[4.056s] [ 55%] Built target create_msgs__rosidl_typesupport_c
[4.071s] [ 56%] [32mBuilding CXX object CMakeFiles/create_msgs__rosidl_typesupport_introspection_cpp.dir/rosidl_typesupport_introspection_cpp/create_msgs/msg/detail/define_song__type_support.cpp.o[0m
[4.071s] [ 57%] [32mBuilding C object CMakeFiles/create_msgs__rosidl_typesupport_introspection_c.dir/rosidl_typesupport_introspection_c/create_msgs/msg/detail/play_song__type_support.c.o[0m
[4.078s] [ 58%] [32mBuilding C object CMakeFiles/create_msgs__rosidl_typesupport_introspection_c.dir/rosidl_typesupport_introspection_c/create_msgs/msg/detail/motor_setpoint__type_support.c.o[0m
[4.092s] [ 60%] [32mBuilding C object CMakeFiles/create_msgs__rosidl_typesupport_introspection_c.dir/rosidl_typesupport_introspection_c/create_msgs/msg/detail/cliff__type_support.c.o[0m
[4.122s] [ 61%] [32mBuilding CXX object CMakeFiles/create_msgs__rosidl_typesupport_introspection_cpp.dir/rosidl_typesupport_introspection_cpp/create_msgs/msg/detail/mode__type_support.cpp.o[0m
[4.153s] [ 62%] [32mBuilding CXX object CMakeFiles/create_msgs__rosidl_typesupport_introspection_cpp.dir/rosidl_typesupport_introspection_cpp/create_msgs/msg/detail/play_song__type_support.cpp.o[0m
[4.173s] [ 63%] [32mBuilding CXX object CMakeFiles/create_msgs__rosidl_typesupport_introspection_cpp.dir/rosidl_typesupport_introspection_cpp/create_msgs/msg/detail/motor_setpoint__type_support.cpp.o[0m
[4.200s] [ 64%] [32m[1mLinking C shared library libcreate_msgs__rosidl_typesupport_introspection_c.so[0m
[4.248s] [ 65%] [32mBuilding CXX object CMakeFiles/create_msgs__rosidl_typesupport_introspection_cpp.dir/rosidl_typesupport_introspection_cpp/create_msgs/msg/detail/cliff__type_support.cpp.o[0m
[4.271s] [ 66%] [32mBuilding CXX object CMakeFiles/create_msgs__rosidl_typesupport_fastrtps_c.dir/rosidl_typesupport_fastrtps_c/create_msgs/msg/detail/bumper__type_support_c.cpp.o[0m
[4.279s] [ 67%] [32mBuilding CXX object CMakeFiles/create_msgs__rosidl_typesupport_fastrtps_c.dir/rosidl_typesupport_fastrtps_c/create_msgs/msg/detail/charging_state__type_support_c.cpp.o[0m
[4.288s] [ 68%] [32mBuilding CXX object CMakeFiles/create_msgs__rosidl_typesupport_fastrtps_c.dir/rosidl_typesupport_fastrtps_c/create_msgs/msg/detail/define_song__type_support_c.cpp.o[0m
[4.289s] [ 68%] Built target create_msgs__rosidl_typesupport_introspection_c
[4.299s] [ 69%] [32mBuilding CXX object CMakeFiles/create_msgs__rosidl_typesupport_fastrtps_c.dir/rosidl_typesupport_fastrtps_c/create_msgs/msg/detail/play_song__type_support_c.cpp.o[0m
[4.303s] [ 70%] [32mBuilding CXX object CMakeFiles/create_msgs__rosidl_typesupport_fastrtps_c.dir/rosidl_typesupport_fastrtps_c/create_msgs/msg/detail/mode__type_support_c.cpp.o[0m
[4.311s] [ 71%] [32m[1mLinking CXX shared library libcreate_msgs__rosidl_typesupport_cpp.so[0m
[4.312s] [ 72%] [32mBuilding CXX object CMakeFiles/create_msgs__rosidl_typesupport_fastrtps_c.dir/rosidl_typesupport_fastrtps_c/create_msgs/msg/detail/motor_setpoint__type_support_c.cpp.o[0m
[4.326s] [ 73%] [32mBuilding CXX object CMakeFiles/create_msgs__rosidl_typesupport_fastrtps_c.dir/rosidl_typesupport_fastrtps_c/create_msgs/msg/detail/cliff__type_support_c.cpp.o[0m
[4.372s] [ 74%] Built target create_msgs__rosidl_typesupport_cpp
[4.372s] [ 74%] [32mBuilding CXX object CMakeFiles/create_msgs__rosidl_typesupport_fastrtps_cpp.dir/rosidl_typesupport_fastrtps_cpp/create_msgs/msg/detail/dds_fastrtps/bumper__type_support.cpp.o[0m
[4.383s] [ 75%] [32mBuilding CXX object CMakeFiles/create_msgs__rosidl_typesupport_fastrtps_cpp.dir/rosidl_typesupport_fastrtps_cpp/create_msgs/msg/detail/dds_fastrtps/charging_state__type_support.cpp.o[0m
[4.461s] [ 76%] [32mBuilding CXX object CMakeFiles/create_msgs__rosidl_typesupport_fastrtps_cpp.dir/rosidl_typesupport_fastrtps_cpp/create_msgs/msg/detail/dds_fastrtps/define_song__type_support.cpp.o[0m
[4.488s] [ 77%] [32mBuilding CXX object CMakeFiles/create_msgs__rosidl_typesupport_fastrtps_cpp.dir/rosidl_typesupport_fastrtps_cpp/create_msgs/msg/detail/dds_fastrtps/mode__type_support.cpp.o[0m
[4.599s] [ 78%] [32mBuilding CXX object CMakeFiles/create_msgs__rosidl_typesupport_fastrtps_cpp.dir/rosidl_typesupport_fastrtps_cpp/create_msgs/msg/detail/dds_fastrtps/play_song__type_support.cpp.o[0m
[4.637s] [ 81%] [32mBuilding CXX object CMakeFiles/create_msgs__rosidl_typesupport_fastrtps_cpp.dir/rosidl_typesupport_fastrtps_cpp/create_msgs/msg/detail/dds_fastrtps/cliff__type_support.cpp.o[0m
[4.640s] [ 81%] [32mBuilding CXX object CMakeFiles/create_msgs__rosidl_typesupport_fastrtps_cpp.dir/rosidl_typesupport_fastrtps_cpp/create_msgs/msg/detail/dds_fastrtps/motor_setpoint__type_support.cpp.o[0m
[4.690s] [ 82%] [32m[1mLinking CXX shared library libcreate_msgs__rosidl_typesupport_introspection_cpp.so[0m
[4.827s] [ 82%] Built target create_msgs__rosidl_typesupport_introspection_cpp
[5.129s] [ 83%] [32m[1mLinking CXX shared library libcreate_msgs__rosidl_typesupport_fastrtps_c.so[0m
[5.169s] [ 83%] Built target create_msgs__rosidl_typesupport_fastrtps_c
[5.227s] [ 84%] [32m[1mLinking CXX shared library libcreate_msgs__rosidl_typesupport_fastrtps_cpp.so[0m
[5.280s] [ 84%] Built target create_msgs__rosidl_typesupport_fastrtps_cpp
[5.294s] [ 84%] Built target create_msgs
[5.309s] [ 85%] [34m[1mGenerating Python code for ROS interfaces[0m
[6.056s] [ 85%] Built target create_msgs__py
[6.070s] [ 89%] [32mBuilding C object CMakeFiles/create_msgs__rosidl_generator_py.dir/rosidl_generator_py/create_msgs/msg/_charging_state_s.c.o[0m
[6.070s] [ 89%] [32mBuilding C object CMakeFiles/create_msgs__rosidl_generator_py.dir/rosidl_generator_py/create_msgs/msg/_mode_s.c.o[0m
[6.071s] [ 89%] [32mBuilding C object CMakeFiles/create_msgs__rosidl_generator_py.dir/rosidl_generator_py/create_msgs/msg/_define_song_s.c.o[0m
[6.071s] [ 89%] [32mBuilding C object CMakeFiles/create_msgs__rosidl_generator_py.dir/rosidl_generator_py/create_msgs/msg/_bumper_s.c.o[0m
[6.071s] [ 90%] [32mBuilding C object CMakeFiles/create_msgs__rosidl_generator_py.dir/rosidl_generator_py/create_msgs/msg/_play_song_s.c.o[0m
[6.071s] [ 91%] [32mBuilding C object CMakeFiles/create_msgs__rosidl_generator_py.dir/rosidl_generator_py/create_msgs/msg/_motor_setpoint_s.c.o[0m
[6.071s] [ 92%] [32mBuilding C object CMakeFiles/create_msgs__rosidl_generator_py.dir/rosidl_generator_py/create_msgs/msg/_cliff_s.c.o[0m
[6.208s] [ 93%] [32m[1mLinking C shared library libcreate_msgs__rosidl_generator_py.so[0m
[6.240s] [ 93%] Built target create_msgs__rosidl_generator_py
[6.254s] [ 96%] [32mBuilding C object CMakeFiles/create_msgs_s__rosidl_typesupport_fastrtps_c.dir/rosidl_generator_py/create_msgs/_create_msgs_s.ep.rosidl_typesupport_fastrtps_c.c.o[0m
[6.254s] [ 96%] [32mBuilding C object CMakeFiles/create_msgs_s__rosidl_typesupport_c.dir/rosidl_generator_py/create_msgs/_create_msgs_s.ep.rosidl_typesupport_c.c.o[0m
[6.255s] [ 96%] [32mBuilding C object CMakeFiles/create_msgs_s__rosidl_typesupport_introspection_c.dir/rosidl_generator_py/create_msgs/_create_msgs_s.ep.rosidl_typesupport_introspection_c.c.o[0m
[6.362s] [ 97%] [32m[1mLinking C shared module rosidl_generator_py/create_msgs/create_msgs_s__rosidl_typesupport_introspection_c.so[0m
[6.379s] [ 98%] [32m[1mLinking C shared module rosidl_generator_py/create_msgs/create_msgs_s__rosidl_typesupport_c.so[0m
[6.394s] [ 98%] Built target create_msgs_s__rosidl_typesupport_introspection_c
[6.396s] [100%] [32m[1mLinking C shared module rosidl_generator_py/create_msgs/create_msgs_s__rosidl_typesupport_fastrtps_c.so[0m
[6.409s] [100%] Built target create_msgs_s__rosidl_typesupport_c
[6.420s] [100%] Built target create_msgs_s__rosidl_typesupport_fastrtps_c
[6.429s] Invoked command in '/home/bartek/VSCodeWs/Roomba696ROS2Brain/build/create_msgs' returned '0': CMAKE_PREFIX_PATH=${CMAKE_PREFIX_PATH}:/opt/ros/rolling DEBUGINFOD_URLS=https://debuginfod.ubuntu.com /usr/bin/cmake --build /home/bartek/VSCodeWs/Roomba696ROS2Brain/build/create_msgs -- -j16 -l16
[6.437s] Invoking command in '/home/bartek/VSCodeWs/Roomba696ROS2Brain/build/create_msgs': CMAKE_PREFIX_PATH=${CMAKE_PREFIX_PATH}:/opt/ros/rolling DEBUGINFOD_URLS=https://debuginfod.ubuntu.com /usr/bin/cmake --install /home/bartek/VSCodeWs/Roomba696ROS2Brain/build/create_msgs
[6.443s] -- Install configuration: ""
[6.443s] -- Installing: /home/bartek/VSCodeWs/Roomba696ROS2Brain/install/create_msgs/share/ament_index/resource_index/rosidl_interfaces/create_msgs
[6.443s] -- Installing: /home/bartek/VSCodeWs/Roomba696ROS2Brain/install/create_msgs/share/create_msgs/msg/Bumper.json
[6.443s] -- Installing: /home/bartek/VSCodeWs/Roomba696ROS2Brain/install/create_msgs/share/create_msgs/msg/ChargingState.json
[6.443s] -- Installing: /home/bartek/VSCodeWs/Roomba696ROS2Brain/install/create_msgs/share/create_msgs/msg/DefineSong.json
[6.443s] -- Installing: /home/bartek/VSCodeWs/Roomba696ROS2Brain/install/create_msgs/share/create_msgs/msg/Mode.json
[6.443s] -- Installing: /home/bartek/VSCodeWs/Roomba696ROS2Brain/install/create_msgs/share/create_msgs/msg/PlaySong.json
[6.443s] -- Installing: /home/bartek/VSCodeWs/Roomba696ROS2Brain/install/create_msgs/share/create_msgs/msg/MotorSetpoint.json
[6.444s] -- Installing: /home/bartek/VSCodeWs/Roomba696ROS2Brain/install/create_msgs/share/create_msgs/msg/Cliff.json
[6.444s] -- Installing: /home/bartek/VSCodeWs/Roomba696ROS2Brain/install/create_msgs/include/create_msgs/create_msgs
[6.444s] -- Installing: /home/bartek/VSCodeWs/Roomba696ROS2Brain/install/create_msgs/include/create_msgs/create_msgs/msg
[6.444s] -- Installing: /home/bartek/VSCodeWs/Roomba696ROS2Brain/install/create_msgs/include/create_msgs/create_msgs/msg/play_song.h
[6.444s] -- Installing: /home/bartek/VSCodeWs/Roomba696ROS2Brain/install/create_msgs/include/create_msgs/create_msgs/msg/detail
[6.444s] -- Installing: /home/bartek/VSCodeWs/Roomba696ROS2Brain/install/create_msgs/include/create_msgs/create_msgs/msg/detail/define_song__type_support.h
[6.444s] -- Installing: /home/bartek/VSCodeWs/Roomba696ROS2Brain/install/create_msgs/include/create_msgs/create_msgs/msg/detail/play_song__type_support.h
[6.444s] -- Installing: /home/bartek/VSCodeWs/Roomba696ROS2Brain/install/create_msgs/include/create_msgs/create_msgs/msg/detail/play_song__description.c
[6.444s] -- Installing: /home/bartek/VSCodeWs/Roomba696ROS2Brain/install/create_msgs/include/create_msgs/create_msgs/msg/detail/motor_setpoint__description.c
[6.444s] -- Installing: /home/bartek/VSCodeWs/Roomba696ROS2Brain/install/create_msgs/include/create_msgs/create_msgs/msg/detail/mode__functions.c
[6.444s] -- Installing: /home/bartek/VSCodeWs/Roomba696ROS2Brain/install/create_msgs/include/create_msgs/create_msgs/msg/detail/motor_setpoint__type_support.c
[6.444s] -- Installing: /home/bartek/VSCodeWs/Roomba696ROS2Brain/install/create_msgs/include/create_msgs/create_msgs/msg/detail/cliff__type_support.h
[6.444s] -- Installing: /home/bartek/VSCodeWs/Roomba696ROS2Brain/install/create_msgs/include/create_msgs/create_msgs/msg/detail/cliff__type_support.c
[6.445s] -- Installing: /home/bartek/VSCodeWs/Roomba696ROS2Brain/install/create_msgs/include/create_msgs/create_msgs/msg/detail/cliff__functions.h
[6.445s] -- Installing: /home/bartek/VSCodeWs/Roomba696ROS2Brain/install/create_msgs/include/create_msgs/create_msgs/msg/detail/play_song__functions.c
[6.445s] -- Installing: /home/bartek/VSCodeWs/Roomba696ROS2Brain/install/create_msgs/include/create_msgs/create_msgs/msg/detail/play_song__functions.h
[6.445s] -- Installing: /home/bartek/VSCodeWs/Roomba696ROS2Brain/install/create_msgs/include/create_msgs/create_msgs/msg/detail/mode__struct.h
[6.445s] -- Installing: /home/bartek/VSCodeWs/Roomba696ROS2Brain/install/create_msgs/include/create_msgs/create_msgs/msg/detail/cliff__struct.h
[6.445s] -- Installing: /home/bartek/VSCodeWs/Roomba696ROS2Brain/install/create_msgs/include/create_msgs/create_msgs/msg/detail/mode__functions.h
[6.445s] -- Installing: /home/bartek/VSCodeWs/Roomba696ROS2Brain/install/create_msgs/include/create_msgs/create_msgs/msg/detail/play_song__type_support.c
[6.445s] -- Installing: /home/bartek/VSCodeWs/Roomba696ROS2Brain/install/create_msgs/include/create_msgs/create_msgs/msg/detail/motor_setpoint__functions.h
[6.445s] -- Installing: /home/bartek/VSCodeWs/Roomba696ROS2Brain/install/create_msgs/include/create_msgs/create_msgs/msg/detail/charging_state__functions.c
[6.445s] -- Installing: /home/bartek/VSCodeWs/Roomba696ROS2Brain/install/create_msgs/include/create_msgs/create_msgs/msg/detail/charging_state__description.c
[6.445s] -- Installing: /home/bartek/VSCodeWs/Roomba696ROS2Brain/install/create_msgs/include/create_msgs/create_msgs/msg/detail/mode__type_support.c
[6.445s] -- Installing: /home/bartek/VSCodeWs/Roomba696ROS2Brain/install/create_msgs/include/create_msgs/create_msgs/msg/detail/mode__type_support.h
[6.445s] -- Installing: /home/bartek/VSCodeWs/Roomba696ROS2Brain/install/create_msgs/include/create_msgs/create_msgs/msg/detail/cliff__functions.c
[6.446s] -- Installing: /home/bartek/VSCodeWs/Roomba696ROS2Brain/install/create_msgs/include/create_msgs/create_msgs/msg/detail/bumper__functions.c
[6.446s] -- Installing: /home/bartek/VSCodeWs/Roomba696ROS2Brain/install/create_msgs/include/create_msgs/create_msgs/msg/detail/define_song__struct.h
[6.446s] -- Installing: /home/bartek/VSCodeWs/Roomba696ROS2Brain/install/create_msgs/include/create_msgs/create_msgs/msg/detail/define_song__functions.h
[6.446s] -- Installing: /home/bartek/VSCodeWs/Roomba696ROS2Brain/install/create_msgs/include/create_msgs/create_msgs/msg/detail/motor_setpoint__functions.c
[6.446s] -- Installing: /home/bartek/VSCodeWs/Roomba696ROS2Brain/install/create_msgs/include/create_msgs/create_msgs/msg/detail/define_song__type_support.c
[6.446s] -- Installing: /home/bartek/VSCodeWs/Roomba696ROS2Brain/install/create_msgs/include/create_msgs/create_msgs/msg/detail/play_song__struct.h
[6.446s] -- Installing: /home/bartek/VSCodeWs/Roomba696ROS2Brain/install/create_msgs/include/create_msgs/create_msgs/msg/detail/charging_state__functions.h
[6.446s] -- Installing: /home/bartek/VSCodeWs/Roomba696ROS2Brain/install/create_msgs/include/create_msgs/create_msgs/msg/detail/bumper__functions.h
[6.446s] -- Installing: /home/bartek/VSCodeWs/Roomba696ROS2Brain/install/create_msgs/include/create_msgs/create_msgs/msg/detail/motor_setpoint__struct.h
[6.446s] -- Installing: /home/bartek/VSCodeWs/Roomba696ROS2Brain/install/create_msgs/include/create_msgs/create_msgs/msg/detail/bumper__type_support.h
[6.446s] -- Installing: /home/bartek/VSCodeWs/Roomba696ROS2Brain/install/create_msgs/include/create_msgs/create_msgs/msg/detail/charging_state__type_support.c
[6.446s] -- Installing: /home/bartek/VSCodeWs/Roomba696ROS2Brain/install/create_msgs/include/create_msgs/create_msgs/msg/detail/charging_state__type_support.h
[6.446s] -- Installing: /home/bartek/VSCodeWs/Roomba696ROS2Brain/install/create_msgs/include/create_msgs/create_msgs/msg/detail/define_song__functions.c
[6.447s] -- Installing: /home/bartek/VSCodeWs/Roomba696ROS2Brain/install/create_msgs/include/create_msgs/create_msgs/msg/detail/mode__description.c
[6.447s] -- Installing: /home/bartek/VSCodeWs/Roomba696ROS2Brain/install/create_msgs/include/create_msgs/create_msgs/msg/detail/bumper__type_support.c
[6.447s] -- Installing: /home/bartek/VSCodeWs/Roomba696ROS2Brain/install/create_msgs/include/create_msgs/create_msgs/msg/detail/define_song__description.c
[6.447s] -- Installing: /home/bartek/VSCodeWs/Roomba696ROS2Brain/install/create_msgs/include/create_msgs/create_msgs/msg/detail/bumper__struct.h
[6.447s] -- Installing: /home/bartek/VSCodeWs/Roomba696ROS2Brain/install/create_msgs/include/create_msgs/create_msgs/msg/detail/cliff__description.c
[6.447s] -- Installing: /home/bartek/VSCodeWs/Roomba696ROS2Brain/install/create_msgs/include/create_msgs/create_msgs/msg/detail/charging_state__struct.h
[6.447s] -- Installing: /home/bartek/VSCodeWs/Roomba696ROS2Brain/install/create_msgs/include/create_msgs/create_msgs/msg/detail/bumper__description.c
[6.447s] -- Installing: /home/bartek/VSCodeWs/Roomba696ROS2Brain/install/create_msgs/include/create_msgs/create_msgs/msg/detail/motor_setpoint__type_support.h
[6.447s] -- Installing: /home/bartek/VSCodeWs/Roomba696ROS2Brain/install/create_msgs/include/create_msgs/create_msgs/msg/cliff.h
[6.447s] -- Installing: /home/bartek/VSCodeWs/Roomba696ROS2Brain/install/create_msgs/include/create_msgs/create_msgs/msg/charging_state.h
[6.447s] -- Installing: /home/bartek/VSCodeWs/Roomba696ROS2Brain/install/create_msgs/include/create_msgs/create_msgs/msg/mode.h
[6.447s] -- Installing: /home/bartek/VSCodeWs/Roomba696ROS2Brain/install/create_msgs/include/create_msgs/create_msgs/msg/define_song.h
[6.447s] -- Installing: /home/bartek/VSCodeWs/Roomba696ROS2Brain/install/create_msgs/include/create_msgs/create_msgs/msg/rosidl_generator_c__visibility_control.h
[6.448s] -- Installing: /home/bartek/VSCodeWs/Roomba696ROS2Brain/install/create_msgs/include/create_msgs/create_msgs/msg/motor_setpoint.h
[6.448s] -- Installing: /home/bartek/VSCodeWs/Roomba696ROS2Brain/install/create_msgs/include/create_msgs/create_msgs/msg/bumper.h
[6.448s] -- Installing: /home/bartek/VSCodeWs/Roomba696ROS2Brain/install/create_msgs/share/create_msgs/environment/library_path.sh
[6.448s] -- Installing: /home/bartek/VSCodeWs/Roomba696ROS2Brain/install/create_msgs/share/create_msgs/environment/library_path.dsv
[6.448s] -- Installing: /home/bartek/VSCodeWs/Roomba696ROS2Brain/install/create_msgs/lib/libcreate_msgs__rosidl_generator_c.so
[6.448s] -- Set non-toolchain portion of runtime path of "/home/bartek/VSCodeWs/Roomba696ROS2Brain/install/create_msgs/lib/libcreate_msgs__rosidl_generator_c.so" to ""
[6.448s] -- Up-to-date: /home/bartek/VSCodeWs/Roomba696ROS2Brain/install/create_msgs/include/create_msgs/create_msgs
[6.448s] -- Up-to-date: /home/bartek/VSCodeWs/Roomba696ROS2Brain/install/create_msgs/include/create_msgs/create_msgs/msg
[6.449s] -- Up-to-date: /home/bartek/VSCodeWs/Roomba696ROS2Brain/install/create_msgs/include/create_msgs/create_msgs/msg/detail
[6.449s] -- Installing: /home/bartek/VSCodeWs/Roomba696ROS2Brain/install/create_msgs/include/create_msgs/create_msgs/msg/detail/play_song__rosidl_typesupport_fastrtps_c.h
[6.449s] -- Installing: /home/bartek/VSCodeWs/Roomba696ROS2Brain/install/create_msgs/include/create_msgs/create_msgs/msg/detail/motor_setpoint__rosidl_typesupport_fastrtps_c.h
[6.449s] -- Installing: /home/bartek/VSCodeWs/Roomba696ROS2Brain/install/create_msgs/include/create_msgs/create_msgs/msg/detail/cliff__rosidl_typesupport_fastrtps_c.h
[6.449s] -- Installing: /home/bartek/VSCodeWs/Roomba696ROS2Brain/install/create_msgs/include/create_msgs/create_msgs/msg/detail/mode__rosidl_typesupport_fastrtps_c.h
[6.449s] -- Installing: /home/bartek/VSCodeWs/Roomba696ROS2Brain/install/create_msgs/include/create_msgs/create_msgs/msg/detail/bumper__rosidl_typesupport_fastrtps_c.h
[6.449s] -- Installing: /home/bartek/VSCodeWs/Roomba696ROS2Brain/install/create_msgs/include/create_msgs/create_msgs/msg/detail/charging_state__rosidl_typesupport_fastrtps_c.h
[6.449s] -- Installing: /home/bartek/VSCodeWs/Roomba696ROS2Brain/install/create_msgs/include/create_msgs/create_msgs/msg/detail/define_song__rosidl_typesupport_fastrtps_c.h
[6.449s] -- Installing: /home/bartek/VSCodeWs/Roomba696ROS2Brain/install/create_msgs/include/create_msgs/create_msgs/msg/rosidl_typesupport_fastrtps_c__visibility_control.h
[6.449s] -- Installing: /home/bartek/VSCodeWs/Roomba696ROS2Brain/install/create_msgs/lib/libcreate_msgs__rosidl_typesupport_fastrtps_c.so
[6.449s] -- Set non-toolchain portion of runtime path of "/home/bartek/VSCodeWs/Roomba696ROS2Brain/install/create_msgs/lib/libcreate_msgs__rosidl_typesupport_fastrtps_c.so" to ""
[6.450s] -- Up-to-date: /home/bartek/VSCodeWs/Roomba696ROS2Brain/install/create_msgs/include/create_msgs/create_msgs
[6.450s] -- Up-to-date: /home/bartek/VSCodeWs/Roomba696ROS2Brain/install/create_msgs/include/create_msgs/create_msgs/msg
[6.450s] -- Up-to-date: /home/bartek/VSCodeWs/Roomba696ROS2Brain/install/create_msgs/include/create_msgs/create_msgs/msg/detail
[6.450s] -- Installing: /home/bartek/VSCodeWs/Roomba696ROS2Brain/install/create_msgs/include/create_msgs/create_msgs/msg/detail/play_song__rosidl_typesupport_introspection_c.h
[6.450s] -- Installing: /home/bartek/VSCodeWs/Roomba696ROS2Brain/install/create_msgs/include/create_msgs/create_msgs/msg/detail/motor_setpoint__type_support.c
[6.450s] -- Installing: /home/bartek/VSCodeWs/Roomba696ROS2Brain/install/create_msgs/include/create_msgs/create_msgs/msg/detail/cliff__type_support.c
[6.450s] -- Installing: /home/bartek/VSCodeWs/Roomba696ROS2Brain/install/create_msgs/include/create_msgs/create_msgs/msg/detail/bumper__rosidl_typesupport_introspection_c.h
[6.450s] -- Installing: /home/bartek/VSCodeWs/Roomba696ROS2Brain/install/create_msgs/include/create_msgs/create_msgs/msg/detail/play_song__type_support.c
[6.450s] -- Installing: /home/bartek/VSCodeWs/Roomba696ROS2Brain/install/create_msgs/include/create_msgs/create_msgs/msg/detail/mode__type_support.c
[6.450s] -- Installing: /home/bartek/VSCodeWs/Roomba696ROS2Brain/install/create_msgs/include/create_msgs/create_msgs/msg/detail/mode__rosidl_typesupport_introspection_c.h
[6.450s] -- Installing: /home/bartek/VSCodeWs/Roomba696ROS2Brain/install/create_msgs/include/create_msgs/create_msgs/msg/detail/define_song__type_support.c
[6.450s] -- Installing: /home/bartek/VSCodeWs/Roomba696ROS2Brain/install/create_msgs/include/create_msgs/create_msgs/msg/detail/define_song__rosidl_typesupport_introspection_c.h
[6.450s] -- Installing: /home/bartek/VSCodeWs/Roomba696ROS2Brain/install/create_msgs/include/create_msgs/create_msgs/msg/detail/charging_state__rosidl_typesupport_introspection_c.h
[6.451s] -- Installing: /home/bartek/VSCodeWs/Roomba696ROS2Brain/install/create_msgs/include/create_msgs/create_msgs/msg/detail/charging_state__type_support.c
[6.451s] -- Installing: /home/bartek/VSCodeWs/Roomba696ROS2Brain/install/create_msgs/include/create_msgs/create_msgs/msg/detail/bumper__type_support.c
[6.451s] -- Installing: /home/bartek/VSCodeWs/Roomba696ROS2Brain/install/create_msgs/include/create_msgs/create_msgs/msg/detail/cliff__rosidl_typesupport_introspection_c.h
[6.451s] -- Installing: /home/bartek/VSCodeWs/Roomba696ROS2Brain/install/create_msgs/include/create_msgs/create_msgs/msg/detail/motor_setpoint__rosidl_typesupport_introspection_c.h
[6.451s] -- Installing: /home/bartek/VSCodeWs/Roomba696ROS2Brain/install/create_msgs/include/create_msgs/create_msgs/msg/rosidl_typesupport_introspection_c__visibility_control.h
[6.451s] -- Installing: /home/bartek/VSCodeWs/Roomba696ROS2Brain/install/create_msgs/lib/libcreate_msgs__rosidl_typesupport_introspection_c.so
[6.451s] -- Set non-toolchain portion of runtime path of "/home/bartek/VSCodeWs/Roomba696ROS2Brain/install/create_msgs/lib/libcreate_msgs__rosidl_typesupport_introspection_c.so" to ""
[6.451s] -- Installing: /home/bartek/VSCodeWs/Roomba696ROS2Brain/install/create_msgs/lib/libcreate_msgs__rosidl_typesupport_c.so
[6.452s] -- Set non-toolchain portion of runtime path of "/home/bartek/VSCodeWs/Roomba696ROS2Brain/install/create_msgs/lib/libcreate_msgs__rosidl_typesupport_c.so" to ""
[6.452s] -- Up-to-date: /home/bartek/VSCodeWs/Roomba696ROS2Brain/install/create_msgs/include/create_msgs/create_msgs
[6.452s] -- Up-to-date: /home/bartek/VSCodeWs/Roomba696ROS2Brain/install/create_msgs/include/create_msgs/create_msgs/msg
[6.452s] -- Installing: /home/bartek/VSCodeWs/Roomba696ROS2Brain/install/create_msgs/include/create_msgs/create_msgs/msg/define_song.hpp
[6.452s] -- Installing: /home/bartek/VSCodeWs/Roomba696ROS2Brain/install/create_msgs/include/create_msgs/create_msgs/msg/cliff.hpp
[6.452s] -- Up-to-date: /home/bartek/VSCodeWs/Roomba696ROS2Brain/install/create_msgs/include/create_msgs/create_msgs/msg/detail
[6.452s] -- Installing: /home/bartek/VSCodeWs/Roomba696ROS2Brain/install/create_msgs/include/create_msgs/create_msgs/msg/detail/mode__traits.hpp
[6.452s] -- Installing: /home/bartek/VSCodeWs/Roomba696ROS2Brain/install/create_msgs/include/create_msgs/create_msgs/msg/detail/cliff__struct.hpp
[6.452s] -- Installing: /home/bartek/VSCodeWs/Roomba696ROS2Brain/install/create_msgs/include/create_msgs/create_msgs/msg/detail/cliff__traits.hpp
[6.452s] -- Installing: /home/bartek/VSCodeWs/Roomba696ROS2Brain/install/create_msgs/include/create_msgs/create_msgs/msg/detail/define_song__struct.hpp
[6.452s] -- Installing: /home/bartek/VSCodeWs/Roomba696ROS2Brain/install/create_msgs/include/create_msgs/create_msgs/msg/detail/play_song__traits.hpp
[6.452s] -- Installing: /home/bartek/VSCodeWs/Roomba696ROS2Brain/install/create_msgs/include/create_msgs/create_msgs/msg/detail/mode__type_support.hpp
[6.452s] -- Installing: /home/bartek/VSCodeWs/Roomba696ROS2Brain/install/create_msgs/include/create_msgs/create_msgs/msg/detail/play_song__struct.hpp
[6.453s] -- Installing: /home/bartek/VSCodeWs/Roomba696ROS2Brain/install/create_msgs/include/create_msgs/create_msgs/msg/detail/bumper__builder.hpp
[6.453s] -- Installing: /home/bartek/VSCodeWs/Roomba696ROS2Brain/install/create_msgs/include/create_msgs/create_msgs/msg/detail/play_song__type_support.hpp
[6.453s] -- Installing: /home/bartek/VSCodeWs/Roomba696ROS2Brain/install/create_msgs/include/create_msgs/create_msgs/msg/detail/bumper__traits.hpp
[6.453s] -- Installing: /home/bartek/VSCodeWs/Roomba696ROS2Brain/install/create_msgs/include/create_msgs/create_msgs/msg/detail/define_song__type_support.hpp
[6.453s] -- Installing: /home/bartek/VSCodeWs/Roomba696ROS2Brain/install/create_msgs/include/create_msgs/create_msgs/msg/detail/bumper__struct.hpp
[6.453s] -- Installing: /home/bartek/VSCodeWs/Roomba696ROS2Brain/install/create_msgs/include/create_msgs/create_msgs/msg/detail/define_song__traits.hpp
[6.453s] -- Installing: /home/bartek/VSCodeWs/Roomba696ROS2Brain/install/create_msgs/include/create_msgs/create_msgs/msg/detail/define_song__builder.hpp
[6.453s] -- Installing: /home/bartek/VSCodeWs/Roomba696ROS2Brain/install/create_msgs/include/create_msgs/create_msgs/msg/detail/mode__struct.hpp
[6.453s] -- Installing: /home/bartek/VSCodeWs/Roomba696ROS2Brain/install/create_msgs/include/create_msgs/create_msgs/msg/detail/motor_setpoint__struct.hpp
[6.453s] -- Installing: /home/bartek/VSCodeWs/Roomba696ROS2Brain/install/create_msgs/include/create_msgs/create_msgs/msg/detail/charging_state__struct.hpp
[6.453s] -- Installing: /home/bartek/VSCodeWs/Roomba696ROS2Brain/install/create_msgs/include/create_msgs/create_msgs/msg/detail/cliff__type_support.hpp
[6.453s] -- Installing: /home/bartek/VSCodeWs/Roomba696ROS2Brain/install/create_msgs/include/create_msgs/create_msgs/msg/detail/bumper__type_support.hpp
[6.453s] -- Installing: /home/bartek/VSCodeWs/Roomba696ROS2Brain/install/create_msgs/include/create_msgs/create_msgs/msg/detail/play_song__builder.hpp
[6.454s] -- Installing: /home/bartek/VSCodeWs/Roomba696ROS2Brain/install/create_msgs/include/create_msgs/create_msgs/msg/detail/cliff__builder.hpp
[6.454s] -- Installing: /home/bartek/VSCodeWs/Roomba696ROS2Brain/install/create_msgs/include/create_msgs/create_msgs/msg/detail/charging_state__traits.hpp
[6.454s] -- Installing: /home/bartek/VSCodeWs/Roomba696ROS2Brain/install/create_msgs/include/create_msgs/create_msgs/msg/detail/mode__builder.hpp
[6.454s] -- Installing: /home/bartek/VSCodeWs/Roomba696ROS2Brain/install/create_msgs/include/create_msgs/create_msgs/msg/detail/charging_state__builder.hpp
[6.454s] -- Installing: /home/bartek/VSCodeWs/Roomba696ROS2Brain/install/create_msgs/include/create_msgs/create_msgs/msg/detail/charging_state__type_support.hpp
[6.454s] -- Installing: /home/bartek/VSCodeWs/Roomba696ROS2Brain/install/create_msgs/include/create_msgs/create_msgs/msg/detail/motor_setpoint__builder.hpp
[6.454s] -- Installing: /home/bartek/VSCodeWs/Roomba696ROS2Brain/install/create_msgs/include/create_msgs/create_msgs/msg/detail/motor_setpoint__traits.hpp
[6.454s] -- Installing: /home/bartek/VSCodeWs/Roomba696ROS2Brain/install/create_msgs/include/create_msgs/create_msgs/msg/detail/motor_setpoint__type_support.hpp
[6.454s] -- Installing: /home/bartek/VSCodeWs/Roomba696ROS2Brain/install/create_msgs/include/create_msgs/create_msgs/msg/charging_state.hpp
[6.454s] -- Installing: /home/bartek/VSCodeWs/Roomba696ROS2Brain/install/create_msgs/include/create_msgs/create_msgs/msg/bumper.hpp
[6.454s] -- Installing: /home/bartek/VSCodeWs/Roomba696ROS2Brain/install/create_msgs/include/create_msgs/create_msgs/msg/motor_setpoint.hpp
[6.454s] -- Installing: /home/bartek/VSCodeWs/Roomba696ROS2Brain/install/create_msgs/include/create_msgs/create_msgs/msg/rosidl_generator_cpp__visibility_control.hpp
[6.455s] -- Installing: /home/bartek/VSCodeWs/Roomba696ROS2Brain/install/create_msgs/include/create_msgs/create_msgs/msg/mode.hpp
[6.455s] -- Installing: /home/bartek/VSCodeWs/Roomba696ROS2Brain/install/create_msgs/include/create_msgs/create_msgs/msg/play_song.hpp
[6.455s] -- Up-to-date: /home/bartek/VSCodeWs/Roomba696ROS2Brain/install/create_msgs/include/create_msgs/create_msgs
[6.455s] -- Up-to-date: /home/bartek/VSCodeWs/Roomba696ROS2Brain/install/create_msgs/include/create_msgs/create_msgs/msg
[6.455s] -- Up-to-date: /home/bartek/VSCodeWs/Roomba696ROS2Brain/install/create_msgs/include/create_msgs/create_msgs/msg/detail
[6.455s] -- Installing: /home/bartek/VSCodeWs/Roomba696ROS2Brain/install/create_msgs/include/create_msgs/create_msgs/msg/detail/charging_state__rosidl_typesupport_fastrtps_cpp.hpp
[6.455s] -- Installing: /home/bartek/VSCodeWs/Roomba696ROS2Brain/install/create_msgs/include/create_msgs/create_msgs/msg/detail/mode__rosidl_typesupport_fastrtps_cpp.hpp
[6.455s] -- Installing: /home/bartek/VSCodeWs/Roomba696ROS2Brain/install/create_msgs/include/create_msgs/create_msgs/msg/detail/dds_fastrtps
[6.455s] -- Installing: /home/bartek/VSCodeWs/Roomba696ROS2Brain/install/create_msgs/include/create_msgs/create_msgs/msg/detail/bumper__rosidl_typesupport_fastrtps_cpp.hpp
[6.455s] -- Installing: /home/bartek/VSCodeWs/Roomba696ROS2Brain/install/create_msgs/include/create_msgs/create_msgs/msg/detail/define_song__rosidl_typesupport_fastrtps_cpp.hpp
[6.455s] -- Installing: /home/bartek/VSCodeWs/Roomba696ROS2Brain/install/create_msgs/include/create_msgs/create_msgs/msg/detail/motor_setpoint__rosidl_typesupport_fastrtps_cpp.hpp
[6.455s] -- Installing: /home/bartek/VSCodeWs/Roomba696ROS2Brain/install/create_msgs/include/create_msgs/create_msgs/msg/detail/cliff__rosidl_typesupport_fastrtps_cpp.hpp
[6.455s] -- Installing: /home/bartek/VSCodeWs/Roomba696ROS2Brain/install/create_msgs/include/create_msgs/create_msgs/msg/detail/play_song__rosidl_typesupport_fastrtps_cpp.hpp
[6.456s] -- Installing: /home/bartek/VSCodeWs/Roomba696ROS2Brain/install/create_msgs/include/create_msgs/create_msgs/msg/rosidl_typesupport_fastrtps_cpp__visibility_control.h
[6.456s] -- Installing: /home/bartek/VSCodeWs/Roomba696ROS2Brain/install/create_msgs/lib/libcreate_msgs__rosidl_typesupport_fastrtps_cpp.so
[6.456s] -- Set non-toolchain portion of runtime path of "/home/bartek/VSCodeWs/Roomba696ROS2Brain/install/create_msgs/lib/libcreate_msgs__rosidl_typesupport_fastrtps_cpp.so" to ""
[6.456s] -- Up-to-date: /home/bartek/VSCodeWs/Roomba696ROS2Brain/install/create_msgs/include/create_msgs/create_msgs
[6.456s] -- Up-to-date: /home/bartek/VSCodeWs/Roomba696ROS2Brain/install/create_msgs/include/create_msgs/create_msgs/msg
[6.456s] -- Up-to-date: /home/bartek/VSCodeWs/Roomba696ROS2Brain/install/create_msgs/include/create_msgs/create_msgs/msg/detail
[6.456s] -- Installing: /home/bartek/VSCodeWs/Roomba696ROS2Brain/install/create_msgs/include/create_msgs/create_msgs/msg/detail/motor_setpoint__rosidl_typesupport_introspection_cpp.hpp
[6.456s] -- Installing: /home/bartek/VSCodeWs/Roomba696ROS2Brain/install/create_msgs/include/create_msgs/create_msgs/msg/detail/motor_setpoint__type_support.cpp
[6.456s] -- Installing: /home/bartek/VSCodeWs/Roomba696ROS2Brain/install/create_msgs/include/create_msgs/create_msgs/msg/detail/cliff__type_support.cpp
[6.456s] -- Installing: /home/bartek/VSCodeWs/Roomba696ROS2Brain/install/create_msgs/include/create_msgs/create_msgs/msg/detail/define_song__type_support.cpp
[6.457s] -- Installing: /home/bartek/VSCodeWs/Roomba696ROS2Brain/install/create_msgs/include/create_msgs/create_msgs/msg/detail/mode__rosidl_typesupport_introspection_cpp.hpp
[6.457s] -- Installing: /home/bartek/VSCodeWs/Roomba696ROS2Brain/install/create_msgs/include/create_msgs/create_msgs/msg/detail/define_song__rosidl_typesupport_introspection_cpp.hpp
[6.457s] -- Installing: /home/bartek/VSCodeWs/Roomba696ROS2Brain/install/create_msgs/include/create_msgs/create_msgs/msg/detail/charging_state__type_support.cpp
[6.457s] -- Installing: /home/bartek/VSCodeWs/Roomba696ROS2Brain/install/create_msgs/include/create_msgs/create_msgs/msg/detail/cliff__rosidl_typesupport_introspection_cpp.hpp
[6.457s] -- Installing: /home/bartek/VSCodeWs/Roomba696ROS2Brain/install/create_msgs/include/create_msgs/create_msgs/msg/detail/play_song__type_support.cpp
[6.457s] -- Installing: /home/bartek/VSCodeWs/Roomba696ROS2Brain/install/create_msgs/include/create_msgs/create_msgs/msg/detail/charging_state__rosidl_typesupport_introspection_cpp.hpp
[6.457s] -- Installing: /home/bartek/VSCodeWs/Roomba696ROS2Brain/install/create_msgs/include/create_msgs/create_msgs/msg/detail/bumper__type_support.cpp
[6.457s] -- Installing: /home/bartek/VSCodeWs/Roomba696ROS2Brain/install/create_msgs/include/create_msgs/create_msgs/msg/detail/play_song__rosidl_typesupport_introspection_cpp.hpp
[6.457s] -- Installing: /home/bartek/VSCodeWs/Roomba696ROS2Brain/install/create_msgs/include/create_msgs/create_msgs/msg/detail/bumper__rosidl_typesupport_introspection_cpp.hpp
[6.457s] -- Installing: /home/bartek/VSCodeWs/Roomba696ROS2Brain/install/create_msgs/include/create_msgs/create_msgs/msg/detail/mode__type_support.cpp
[6.457s] -- Installing: /home/bartek/VSCodeWs/Roomba696ROS2Brain/install/create_msgs/lib/libcreate_msgs__rosidl_typesupport_introspection_cpp.so
[6.458s] -- Set non-toolchain portion of runtime path of "/home/bartek/VSCodeWs/Roomba696ROS2Brain/install/create_msgs/lib/libcreate_msgs__rosidl_typesupport_introspection_cpp.so" to ""
[6.458s] -- Installing: /home/bartek/VSCodeWs/Roomba696ROS2Brain/install/create_msgs/lib/libcreate_msgs__rosidl_typesupport_cpp.so
[6.458s] -- Set non-toolchain portion of runtime path of "/home/bartek/VSCodeWs/Roomba696ROS2Brain/install/create_msgs/lib/libcreate_msgs__rosidl_typesupport_cpp.so" to ""
[6.458s] -- Installing: /home/bartek/VSCodeWs/Roomba696ROS2Brain/install/create_msgs/share/create_msgs/environment/pythonpath.sh
[6.458s] -- Installing: /home/bartek/VSCodeWs/Roomba696ROS2Brain/install/create_msgs/share/create_msgs/environment/pythonpath.dsv
[6.458s] -- Installing: /home/bartek/VSCodeWs/Roomba696ROS2Brain/install/create_msgs/lib/python3.12/site-packages/create_msgs-3.1.0-py3.12.egg-info
[6.458s] -- Installing: /home/bartek/VSCodeWs/Roomba696ROS2Brain/install/create_msgs/lib/python3.12/site-packages/create_msgs-3.1.0-py3.12.egg-info/dependency_links.txt
[6.458s] -- Installing: /home/bartek/VSCodeWs/Roomba696ROS2Brain/install/create_msgs/lib/python3.12/site-packages/create_msgs-3.1.0-py3.12.egg-info/top_level.txt
[6.459s] -- Installing: /home/bartek/VSCodeWs/Roomba696ROS2Brain/install/create_msgs/lib/python3.12/site-packages/create_msgs-3.1.0-py3.12.egg-info/PKG-INFO
[6.459s] -- Installing: /home/bartek/VSCodeWs/Roomba696ROS2Brain/install/create_msgs/lib/python3.12/site-packages/create_msgs-3.1.0-py3.12.egg-info/SOURCES.txt
[6.459s] -- Installing: /home/bartek/VSCodeWs/Roomba696ROS2Brain/install/create_msgs/lib/python3.12/site-packages/create_msgs
[6.459s] -- Installing: /home/bartek/VSCodeWs/Roomba696ROS2Brain/install/create_msgs/lib/python3.12/site-packages/create_msgs/_create_msgs_s.ep.rosidl_typesupport_introspection_c.c
[6.459s] -- Installing: /home/bartek/VSCodeWs/Roomba696ROS2Brain/install/create_msgs/lib/python3.12/site-packages/create_msgs/__init__.py
[6.459s] -- Installing: /home/bartek/VSCodeWs/Roomba696ROS2Brain/install/create_msgs/lib/python3.12/site-packages/create_msgs/create_msgs_s__rosidl_typesupport_c.so
[6.459s] -- Installing: /home/bartek/VSCodeWs/Roomba696ROS2Brain/install/create_msgs/lib/python3.12/site-packages/create_msgs/_create_msgs_s.ep.rosidl_typesupport_fastrtps_c.c
[6.459s] -- Installing: /home/bartek/VSCodeWs/Roomba696ROS2Brain/install/create_msgs/lib/python3.12/site-packages/create_msgs/create_msgs_s__rosidl_typesupport_introspection_c.so
[6.459s] -- Installing: /home/bartek/VSCodeWs/Roomba696ROS2Brain/install/create_msgs/lib/python3.12/site-packages/create_msgs/msg
[6.459s] -- Installing: /home/bartek/VSCodeWs/Roomba696ROS2Brain/install/create_msgs/lib/python3.12/site-packages/create_msgs/msg/_motor_setpoint_s.c
[6.459s] -- Installing: /home/bartek/VSCodeWs/Roomba696ROS2Brain/install/create_msgs/lib/python3.12/site-packages/create_msgs/msg/__init__.py
[6.460s] -- Installing: /home/bartek/VSCodeWs/Roomba696ROS2Brain/install/create_msgs/lib/python3.12/site-packages/create_msgs/msg/_motor_setpoint.py
[6.460s] -- Installing: /home/bartek/VSCodeWs/Roomba696ROS2Brain/install/create_msgs/lib/python3.12/site-packages/create_msgs/msg/_cliff_s.c
[6.460s] -- Installing: /home/bartek/VSCodeWs/Roomba696ROS2Brain/install/create_msgs/lib/python3.12/site-packages/create_msgs/msg/_mode.py
[6.460s] -- Installing: /home/bartek/VSCodeWs/Roomba696ROS2Brain/install/create_msgs/lib/python3.12/site-packages/create_msgs/msg/_cliff.py
[6.460s] -- Installing: /home/bartek/VSCodeWs/Roomba696ROS2Brain/install/create_msgs/lib/python3.12/site-packages/create_msgs/msg/_define_song_s.c
[6.460s] -- Installing: /home/bartek/VSCodeWs/Roomba696ROS2Brain/install/create_msgs/lib/python3.12/site-packages/create_msgs/msg/_charging_state.py
[6.460s] -- Installing: /home/bartek/VSCodeWs/Roomba696ROS2Brain/install/create_msgs/lib/python3.12/site-packages/create_msgs/msg/_bumper_s.c
[6.460s] -- Installing: /home/bartek/VSCodeWs/Roomba696ROS2Brain/install/create_msgs/lib/python3.12/site-packages/create_msgs/msg/_define_song.py
[6.460s] -- Installing: /home/bartek/VSCodeWs/Roomba696ROS2Brain/install/create_msgs/lib/python3.12/site-packages/create_msgs/msg/_charging_state_s.c
[6.460s] -- Installing: /home/bartek/VSCodeWs/Roomba696ROS2Brain/install/create_msgs/lib/python3.12/site-packages/create_msgs/msg/_play_song_s.c
[6.460s] -- Installing: /home/bartek/VSCodeWs/Roomba696ROS2Brain/install/create_msgs/lib/python3.12/site-packages/create_msgs/msg/_play_song.py
[6.460s] -- Installing: /home/bartek/VSCodeWs/Roomba696ROS2Brain/install/create_msgs/lib/python3.12/site-packages/create_msgs/msg/_mode_s.c
[6.460s] -- Installing: /home/bartek/VSCodeWs/Roomba696ROS2Brain/install/create_msgs/lib/python3.12/site-packages/create_msgs/msg/_bumper.py
[6.461s] -- Installing: /home/bartek/VSCodeWs/Roomba696ROS2Brain/install/create_msgs/lib/python3.12/site-packages/create_msgs/create_msgs_s__rosidl_typesupport_fastrtps_c.so
[6.461s] -- Installing: /home/bartek/VSCodeWs/Roomba696ROS2Brain/install/create_msgs/lib/python3.12/site-packages/create_msgs/_create_msgs_s.ep.rosidl_typesupport_c.c
[6.461s] -- Installing: /home/bartek/VSCodeWs/Roomba696ROS2Brain/install/create_msgs/lib/python3.12/site-packages/create_msgs/py.typed
[6.498s] Listing '/home/bartek/VSCodeWs/Roomba696ROS2Brain/install/create_msgs/lib/python3.12/site-packages/create_msgs'...
[6.498s] Compiling '/home/bartek/VSCodeWs/Roomba696ROS2Brain/install/create_msgs/lib/python3.12/site-packages/create_msgs/__init__.py'...
[6.498s] Listing '/home/bartek/VSCodeWs/Roomba696ROS2Brain/install/create_msgs/lib/python3.12/site-packages/create_msgs/msg'...
[6.498s] Compiling '/home/bartek/VSCodeWs/Roomba696ROS2Brain/install/create_msgs/lib/python3.12/site-packages/create_msgs/msg/__init__.py'...
[6.498s] Compiling '/home/bartek/VSCodeWs/Roomba696ROS2Brain/install/create_msgs/lib/python3.12/site-packages/create_msgs/msg/_bumper.py'...
[6.498s] Compiling '/home/bartek/VSCodeWs/Roomba696ROS2Brain/install/create_msgs/lib/python3.12/site-packages/create_msgs/msg/_charging_state.py'...
[6.499s] Compiling '/home/bartek/VSCodeWs/Roomba696ROS2Brain/install/create_msgs/lib/python3.12/site-packages/create_msgs/msg/_cliff.py'...
[6.499s] Compiling '/home/bartek/VSCodeWs/Roomba696ROS2Brain/install/create_msgs/lib/python3.12/site-packages/create_msgs/msg/_define_song.py'...
[6.499s] Compiling '/home/bartek/VSCodeWs/Roomba696ROS2Brain/install/create_msgs/lib/python3.12/site-packages/create_msgs/msg/_mode.py'...
[6.499s] Compiling '/home/bartek/VSCodeWs/Roomba696ROS2Brain/install/create_msgs/lib/python3.12/site-packages/create_msgs/msg/_motor_setpoint.py'...
[6.499s] Compiling '/home/bartek/VSCodeWs/Roomba696ROS2Brain/install/create_msgs/lib/python3.12/site-packages/create_msgs/msg/_play_song.py'...
[6.503s] -- Installing: /home/bartek/VSCodeWs/Roomba696ROS2Brain/install/create_msgs/lib/python3.12/site-packages/create_msgs/create_msgs_s__rosidl_typesupport_fastrtps_c.so
[6.503s] -- Set non-toolchain portion of runtime path of "/home/bartek/VSCodeWs/Roomba696ROS2Brain/install/create_msgs/lib/python3.12/site-packages/create_msgs/create_msgs_s__rosidl_typesupport_fastrtps_c.so" to ""
[6.503s] -- Installing: /home/bartek/VSCodeWs/Roomba696ROS2Brain/install/create_msgs/lib/python3.12/site-packages/create_msgs/create_msgs_s__rosidl_typesupport_introspection_c.so
[6.503s] -- Set non-toolchain portion of runtime path of "/home/bartek/VSCodeWs/Roomba696ROS2Brain/install/create_msgs/lib/python3.12/site-packages/create_msgs/create_msgs_s__rosidl_typesupport_introspection_c.so" to ""
[6.504s] -- Installing: /home/bartek/VSCodeWs/Roomba696ROS2Brain/install/create_msgs/lib/python3.12/site-packages/create_msgs/create_msgs_s__rosidl_typesupport_c.so
[6.504s] -- Set non-toolchain portion of runtime path of "/home/bartek/VSCodeWs/Roomba696ROS2Brain/install/create_msgs/lib/python3.12/site-packages/create_msgs/create_msgs_s__rosidl_typesupport_c.so" to ""
[6.504s] -- Installing: /home/bartek/VSCodeWs/Roomba696ROS2Brain/install/create_msgs/lib/libcreate_msgs__rosidl_generator_py.so
[6.504s] -- Set non-toolchain portion of runtime path of "/home/bartek/VSCodeWs/Roomba696ROS2Brain/install/create_msgs/lib/libcreate_msgs__rosidl_generator_py.so" to ""
[6.504s] -- Installing: /home/bartek/VSCodeWs/Roomba696ROS2Brain/install/create_msgs/share/ament_index/resource_index/rust_packages/create_msgs
[6.505s] -- Installing: /home/bartek/VSCodeWs/Roomba696ROS2Brain/install/create_msgs/share/create_msgs/rust
[6.505s] -- Installing: /home/bartek/VSCodeWs/Roomba696ROS2Brain/install/create_msgs/share/create_msgs/rust/build.rs
[6.505s] -- Installing: /home/bartek/VSCodeWs/Roomba696ROS2Brain/install/create_msgs/share/create_msgs/rust/src
[6.505s] -- Installing: /home/bartek/VSCodeWs/Roomba696ROS2Brain/install/create_msgs/share/create_msgs/rust/src/lib.rs
[6.505s] -- Installing: /home/bartek/VSCodeWs/Roomba696ROS2Brain/install/create_msgs/share/create_msgs/rust/src/msg.rs
[6.505s] -- Installing: /home/bartek/VSCodeWs/Roomba696ROS2Brain/install/create_msgs/share/create_msgs/rust/Cargo.toml
[6.505s] -- Installing: /home/bartek/VSCodeWs/Roomba696ROS2Brain/install/create_msgs/share/create_msgs/msg/Bumper.idl
[6.505s] -- Installing: /home/bartek/VSCodeWs/Roomba696ROS2Brain/install/create_msgs/share/create_msgs/msg/ChargingState.idl
[6.505s] -- Installing: /home/bartek/VSCodeWs/Roomba696ROS2Brain/install/create_msgs/share/create_msgs/msg/DefineSong.idl
[6.505s] -- Installing: /home/bartek/VSCodeWs/Roomba696ROS2Brain/install/create_msgs/share/create_msgs/msg/Mode.idl
[6.505s] -- Installing: /home/bartek/VSCodeWs/Roomba696ROS2Brain/install/create_msgs/share/create_msgs/msg/PlaySong.idl
[6.505s] -- Installing: /home/bartek/VSCodeWs/Roomba696ROS2Brain/install/create_msgs/share/create_msgs/msg/MotorSetpoint.idl
[6.505s] -- Installing: /home/bartek/VSCodeWs/Roomba696ROS2Brain/install/create_msgs/share/create_msgs/msg/Cliff.idl
[6.506s] -- Installing: /home/bartek/VSCodeWs/Roomba696ROS2Brain/install/create_msgs/share/create_msgs/msg/Bumper.msg
[6.506s] -- Installing: /home/bartek/VSCodeWs/Roomba696ROS2Brain/install/create_msgs/share/create_msgs/msg/ChargingState.msg
[6.506s] -- Installing: /home/bartek/VSCodeWs/Roomba696ROS2Brain/install/create_msgs/share/create_msgs/msg/DefineSong.msg
[6.506s] -- Installing: /home/bartek/VSCodeWs/Roomba696ROS2Brain/install/create_msgs/share/create_msgs/msg/Mode.msg
[6.506s] -- Installing: /home/bartek/VSCodeWs/Roomba696ROS2Brain/install/create_msgs/share/create_msgs/msg/PlaySong.msg
[6.507s] -- Installing: /home/bartek/VSCodeWs/Roomba696ROS2Brain/install/create_msgs/share/create_msgs/msg/MotorSetpoint.msg
[6.507s] -- Installing: /home/bartek/VSCodeWs/Roomba696ROS2Brain/install/create_msgs/share/create_msgs/msg/Cliff.msg
[6.507s] -- Installing: /home/bartek/VSCodeWs/Roomba696ROS2Brain/install/create_msgs/share/ament_index/resource_index/package_run_dependencies/create_msgs
[6.507s] -- Installing: /home/bartek/VSCodeWs/Roomba696ROS2Brain/install/create_msgs/share/ament_index/resource_index/parent_prefix_path/create_msgs
[6.507s] -- Installing: /home/bartek/VSCodeWs/Roomba696ROS2Brain/install/create_msgs/share/create_msgs/environment/ament_prefix_path.sh
[6.507s] -- Installing: /home/bartek/VSCodeWs/Roomba696ROS2Brain/install/create_msgs/share/create_msgs/environment/ament_prefix_path.dsv
[6.507s] -- Installing: /home/bartek/VSCodeWs/Roomba696ROS2Brain/install/create_msgs/share/create_msgs/environment/path.sh
[6.507s] -- Installing: /home/bartek/VSCodeWs/Roomba696ROS2Brain/install/create_msgs/share/create_msgs/environment/path.dsv
[6.507s] -- Installing: /home/bartek/VSCodeWs/Roomba696ROS2Brain/install/create_msgs/share/create_msgs/local_setup.bash
[6.507s] -- Installing: /home/bartek/VSCodeWs/Roomba696ROS2Brain/install/create_msgs/share/create_msgs/local_setup.sh
[6.507s] -- Installing: /home/bartek/VSCodeWs/Roomba696ROS2Brain/install/create_msgs/share/create_msgs/local_setup.zsh
[6.508s] -- Installing: /home/bartek/VSCodeWs/Roomba696ROS2Brain/install/create_msgs/share/create_msgs/local_setup.dsv
[6.508s] -- Installing: /home/bartek/VSCodeWs/Roomba696ROS2Brain/install/create_msgs/share/create_msgs/package.dsv
[6.508s] -- Installing: /home/bartek/VSCodeWs/Roomba696ROS2Brain/install/create_msgs/share/ament_index/resource_index/packages/create_msgs
[6.508s] -- Installing: /home/bartek/VSCodeWs/Roomba696ROS2Brain/install/create_msgs/share/create_msgs/cmake/export_create_msgs__rosidl_generator_cExport.cmake
[6.508s] -- Installing: /home/bartek/VSCodeWs/Roomba696ROS2Brain/install/create_msgs/share/create_msgs/cmake/export_create_msgs__rosidl_generator_cExport-noconfig.cmake
[6.508s] -- Installing: /home/bartek/VSCodeWs/Roomba696ROS2Brain/install/create_msgs/share/create_msgs/cmake/export_create_msgs__rosidl_typesupport_fastrtps_cExport.cmake
[6.508s] -- Installing: /home/bartek/VSCodeWs/Roomba696ROS2Brain/install/create_msgs/share/create_msgs/cmake/export_create_msgs__rosidl_typesupport_fastrtps_cExport-noconfig.cmake
[6.508s] -- Installing: /home/bartek/VSCodeWs/Roomba696ROS2Brain/install/create_msgs/share/create_msgs/cmake/create_msgs__rosidl_typesupport_introspection_cExport.cmake
[6.509s] -- Installing: /home/bartek/VSCodeWs/Roomba696ROS2Brain/install/create_msgs/share/create_msgs/cmake/create_msgs__rosidl_typesupport_introspection_cExport-noconfig.cmake
[6.509s] -- Installing: /home/bartek/VSCodeWs/Roomba696ROS2Brain/install/create_msgs/share/create_msgs/cmake/create_msgs__rosidl_typesupport_cExport.cmake
[6.509s] -- Installing: /home/bartek/VSCodeWs/Roomba696ROS2Brain/install/create_msgs/share/create_msgs/cmake/create_msgs__rosidl_typesupport_cExport-noconfig.cmake
[6.509s] -- Installing: /home/bartek/VSCodeWs/Roomba696ROS2Brain/install/create_msgs/share/create_msgs/cmake/export_create_msgs__rosidl_generator_cppExport.cmake
[6.509s] -- Installing: /home/bartek/VSCodeWs/Roomba696ROS2Brain/install/create_msgs/share/create_msgs/cmake/export_create_msgs__rosidl_typesupport_fastrtps_cppExport.cmake
[6.509s] -- Installing: /home/bartek/VSCodeWs/Roomba696ROS2Brain/install/create_msgs/share/create_msgs/cmake/export_create_msgs__rosidl_typesupport_fastrtps_cppExport-noconfig.cmake
[6.509s] -- Installing: /home/bartek/VSCodeWs/Roomba696ROS2Brain/install/create_msgs/share/create_msgs/cmake/create_msgs__rosidl_typesupport_introspection_cppExport.cmake
[6.509s] -- Installing: /home/bartek/VSCodeWs/Roomba696ROS2Brain/install/create_msgs/share/create_msgs/cmake/create_msgs__rosidl_typesupport_introspection_cppExport-noconfig.cmake
[6.509s] -- Installing: /home/bartek/VSCodeWs/Roomba696ROS2Brain/install/create_msgs/share/create_msgs/cmake/create_msgs__rosidl_typesupport_cppExport.cmake
[6.509s] -- Installing: /home/bartek/VSCodeWs/Roomba696ROS2Brain/install/create_msgs/share/create_msgs/cmake/create_msgs__rosidl_typesupport_cppExport-noconfig.cmake
[6.510s] -- Installing: /home/bartek/VSCodeWs/Roomba696ROS2Brain/install/create_msgs/share/create_msgs/cmake/export_create_msgs__rosidl_generator_pyExport.cmake
[6.510s] -- Installing: /home/bartek/VSCodeWs/Roomba696ROS2Brain/install/create_msgs/share/create_msgs/cmake/export_create_msgs__rosidl_generator_pyExport-noconfig.cmake
[6.510s] -- Installing: /home/bartek/VSCodeWs/Roomba696ROS2Brain/install/create_msgs/share/create_msgs/cmake/rosidl_cmake-extras.cmake
[6.510s] -- Installing: /home/bartek/VSCodeWs/Roomba696ROS2Brain/install/create_msgs/share/create_msgs/cmake/ament_cmake_export_dependencies-extras.cmake
[6.510s] -- Installing: /home/bartek/VSCodeWs/Roomba696ROS2Brain/install/create_msgs/share/create_msgs/cmake/ament_cmake_export_include_directories-extras.cmake
[6.510s] -- Installing: /home/bartek/VSCodeWs/Roomba696ROS2Brain/install/create_msgs/share/create_msgs/cmake/ament_cmake_export_libraries-extras.cmake
[6.510s] -- Installing: /home/bartek/VSCodeWs/Roomba696ROS2Brain/install/create_msgs/share/create_msgs/cmake/ament_cmake_export_targets-extras.cmake
[6.510s] -- Installing: /home/bartek/VSCodeWs/Roomba696ROS2Brain/install/create_msgs/share/create_msgs/cmake/rosidl_cmake_export_typesupport_targets-extras.cmake
[6.510s] -- Installing: /home/bartek/VSCodeWs/Roomba696ROS2Brain/install/create_msgs/share/create_msgs/cmake/rosidl_cmake_export_typesupport_libraries-extras.cmake
[6.511s] -- Installing: /home/bartek/VSCodeWs/Roomba696ROS2Brain/install/create_msgs/share/create_msgs/cmake/create_msgsConfig.cmake
[6.511s] -- Installing: /home/bartek/VSCodeWs/Roomba696ROS2Brain/install/create_msgs/share/create_msgs/cmake/create_msgsConfig-version.cmake
[6.511s] -- Installing: /home/bartek/VSCodeWs/Roomba696ROS2Brain/install/create_msgs/share/create_msgs/package.xml
[6.512s] Invoked command in '/home/bartek/VSCodeWs/Roomba696ROS2Brain/build/create_msgs' returned '0': CMAKE_PREFIX_PATH=${CMAKE_PREFIX_PATH}:/opt/ros/rolling DEBUGINFOD_URLS=https://debuginfod.ubuntu.com /usr/bin/cmake --install /home/bartek/VSCodeWs/Roomba696ROS2Brain/build/create_msgs
