[0.090s] DEBUG:colcon:Command line arguments: ['/usr/bin/colcon', 'build', '--packages-select', 'create_msgs']
[0.090s] DEBUG:colcon:Parsed command line arguments: Namespace(log_base=None, log_level=None, verb_name='build', build_base='build', install_base='install', merge_install=False, symlink_install=False, test_result_base=None, continue_on_error=False, executor='parallel', parallel_workers=16, event_handlers=None, ignore_user_meta=False, metas=['./colcon.meta'], base_paths=['.'], packages_ignore=None, packages_ignore_regex=None, paths=None, packages_up_to=None, packages_up_to_regex=None, packages_above=None, packages_above_and_dependencies=None, packages_above_depth=None, packages_select_by_dep=None, packages_skip_by_dep=None, packages_skip_up_to=None, packages_select_build_failed=False, packages_skip_build_finished=False, packages_select_test_failures=False, packages_skip_test_passed=False, packages_select=['create_msgs'], packages_skip=None, packages_select_regex=None, packages_skip_regex=None, packages_start=None, packages_end=None, cmake_args=None, cmake_target=None, cmake_target_skip_unavailable=False, cmake_clean_cache=False, cmake_clean_first=False, cmake_force_configure=False, ament_cmake_args=None, catkin_cmake_args=None, catkin_skip_building_tests=False, verb_parser=<colcon_defaults.argument_parser.defaults.DefaultArgumentsDecorator object at 0x76e870a3fb00>, verb_extension=<colcon_core.verb.build.BuildVerb object at 0x76e870a3f980>, main=<bound method BuildVerb.main of <colcon_core.verb.build.BuildVerb object at 0x76e870a3f980>>)
[0.135s] Level 1:colcon.colcon_core.package_discovery:discover_packages(colcon_meta) check parameters
[0.135s] Level 1:colcon.colcon_core.package_discovery:discover_packages(recursive) check parameters
[0.135s] Level 1:colcon.colcon_core.package_discovery:discover_packages(ignore) check parameters
[0.135s] Level 1:colcon.colcon_core.package_discovery:discover_packages(path) check parameters
[0.135s] Level 1:colcon.colcon_core.package_discovery:discover_packages(colcon_meta) discover
[0.135s] Level 1:colcon.colcon_core.package_discovery:discover_packages(recursive) discover
[0.135s] INFO:colcon.colcon_core.package_discovery:Crawling recursively for packages in '/home/bartek/VSCodeWs/Roomba696ROS2Brain'
[0.135s] Level 1:colcon.colcon_core.package_identification:_identify(.) by extensions ['ignore', 'ignore_ament_install']
[0.135s] Level 1:colcon.colcon_core.package_identification:_identify(.) by extension 'ignore'
[0.135s] Level 1:colcon.colcon_core.package_identification:_identify(.) by extension 'ignore_ament_install'
[0.135s] Level 1:colcon.colcon_core.package_identification:_identify(.) by extensions ['colcon_pkg']
[0.135s] Level 1:colcon.colcon_core.package_identification:_identify(.) by extension 'colcon_pkg'
[0.135s] Level 1:colcon.colcon_core.package_identification:_identify(.) by extensions ['colcon_meta']
[0.135s] Level 1:colcon.colcon_core.package_identification:_identify(.) by extension 'colcon_meta'
[0.135s] Level 1:colcon.colcon_core.package_identification:_identify(.) by extensions ['ros']
[0.135s] Level 1:colcon.colcon_core.package_identification:_identify(.) by extension 'ros'
[0.157s] Level 1:colcon.colcon_core.package_identification:_identify(.) by extensions ['cmake', 'python']
[0.157s] Level 1:colcon.colcon_core.package_identification:_identify(.) by extension 'cmake'
[0.157s] Level 1:colcon.colcon_core.package_identification:_identify(.) by extension 'python'
[0.157s] Level 1:colcon.colcon_core.package_identification:_identify(.) by extensions ['python_setup_py']
[0.157s] Level 1:colcon.colcon_core.package_identification:_identify(.) by extension 'python_setup_py'
[0.157s] Level 1:colcon.colcon_core.package_identification:_identify(build) by extensions ['ignore', 'ignore_ament_install']
[0.157s] Level 1:colcon.colcon_core.package_identification:_identify(build) by extension 'ignore'
[0.157s] Level 1:colcon.colcon_core.package_identification:_identify(build) ignored
[0.157s] Level 1:colcon.colcon_core.package_identification:_identify(include) by extensions ['ignore', 'ignore_ament_install']
[0.157s] Level 1:colcon.colcon_core.package_identification:_identify(include) by extension 'ignore'
[0.157s] Level 1:colcon.colcon_core.package_identification:_identify(include) by extension 'ignore_ament_install'
[0.157s] Level 1:colcon.colcon_core.package_identification:_identify(include) by extensions ['colcon_pkg']
[0.157s] Level 1:colcon.colcon_core.package_identification:_identify(include) by extension 'colcon_pkg'
[0.157s] Level 1:colcon.colcon_core.package_identification:_identify(include) by extensions ['colcon_meta']
[0.157s] Level 1:colcon.colcon_core.package_identification:_identify(include) by extension 'colcon_meta'
[0.157s] Level 1:colcon.colcon_core.package_identification:_identify(include) by extensions ['ros']
[0.157s] Level 1:colcon.colcon_core.package_identification:_identify(include) by extension 'ros'
[0.157s] Level 1:colcon.colcon_core.package_identification:_identify(include) by extensions ['cmake', 'python']
[0.157s] Level 1:colcon.colcon_core.package_identification:_identify(include) by extension 'cmake'
[0.157s] Level 1:colcon.colcon_core.package_identification:_identify(include) by extension 'python'
[0.157s] Level 1:colcon.colcon_core.package_identification:_identify(include) by extensions ['python_setup_py']
[0.157s] Level 1:colcon.colcon_core.package_identification:_identify(include) by extension 'python_setup_py'
[0.158s] Level 1:colcon.colcon_core.package_identification:_identify(install) by extensions ['ignore', 'ignore_ament_install']
[0.158s] Level 1:colcon.colcon_core.package_identification:_identify(install) by extension 'ignore'
[0.158s] Level 1:colcon.colcon_core.package_identification:_identify(install) ignored
[0.158s] Level 1:colcon.colcon_core.package_identification:_identify(lib) by extensions ['ignore', 'ignore_ament_install']
[0.158s] Level 1:colcon.colcon_core.package_identification:_identify(lib) by extension 'ignore'
[0.158s] Level 1:colcon.colcon_core.package_identification:_identify(lib) by extension 'ignore_ament_install'
[0.158s] Level 1:colcon.colcon_core.package_identification:_identify(lib) by extensions ['colcon_pkg']
[0.158s] Level 1:colcon.colcon_core.package_identification:_identify(lib) by extension 'colcon_pkg'
[0.158s] Level 1:colcon.colcon_core.package_identification:_identify(lib) by extensions ['colcon_meta']
[0.158s] Level 1:colcon.colcon_core.package_identification:_identify(lib) by extension 'colcon_meta'
[0.158s] Level 1:colcon.colcon_core.package_identification:_identify(lib) by extensions ['ros']
[0.158s] Level 1:colcon.colcon_core.package_identification:_identify(lib) by extension 'ros'
[0.158s] Level 1:colcon.colcon_core.package_identification:_identify(lib) by extensions ['cmake', 'python']
[0.158s] Level 1:colcon.colcon_core.package_identification:_identify(lib) by extension 'cmake'
[0.158s] Level 1:colcon.colcon_core.package_identification:_identify(lib) by extension 'python'
[0.158s] Level 1:colcon.colcon_core.package_identification:_identify(lib) by extensions ['python_setup_py']
[0.158s] Level 1:colcon.colcon_core.package_identification:_identify(lib) by extension 'python_setup_py'
[0.158s] Level 1:colcon.colcon_core.package_identification:_identify(log) by extensions ['ignore', 'ignore_ament_install']
[0.158s] Level 1:colcon.colcon_core.package_identification:_identify(log) by extension 'ignore'
[0.158s] Level 1:colcon.colcon_core.package_identification:_identify(log) ignored
[0.158s] Level 1:colcon.colcon_core.package_identification:_identify(src) by extensions ['ignore', 'ignore_ament_install']
[0.158s] Level 1:colcon.colcon_core.package_identification:_identify(src) by extension 'ignore'
[0.158s] Level 1:colcon.colcon_core.package_identification:_identify(src) by extension 'ignore_ament_install'
[0.159s] Level 1:colcon.colcon_core.package_identification:_identify(src) by extensions ['colcon_pkg']
[0.159s] Level 1:colcon.colcon_core.package_identification:_identify(src) by extension 'colcon_pkg'
[0.159s] Level 1:colcon.colcon_core.package_identification:_identify(src) by extensions ['colcon_meta']
[0.159s] Level 1:colcon.colcon_core.package_identification:_identify(src) by extension 'colcon_meta'
[0.159s] Level 1:colcon.colcon_core.package_identification:_identify(src) by extensions ['ros']
[0.159s] Level 1:colcon.colcon_core.package_identification:_identify(src) by extension 'ros'
[0.159s] Level 1:colcon.colcon_core.package_identification:_identify(src) by extensions ['cmake', 'python']
[0.159s] Level 1:colcon.colcon_core.package_identification:_identify(src) by extension 'cmake'
[0.159s] Level 1:colcon.colcon_core.package_identification:_identify(src) by extension 'python'
[0.159s] Level 1:colcon.colcon_core.package_identification:_identify(src) by extensions ['python_setup_py']
[0.159s] Level 1:colcon.colcon_core.package_identification:_identify(src) by extension 'python_setup_py'
[0.159s] Level 1:colcon.colcon_core.package_identification:_identify(src/create_robot) by extensions ['ignore', 'ignore_ament_install']
[0.159s] Level 1:colcon.colcon_core.package_identification:_identify(src/create_robot) by extension 'ignore'
[0.159s] Level 1:colcon.colcon_core.package_identification:_identify(src/create_robot) by extension 'ignore_ament_install'
[0.159s] Level 1:colcon.colcon_core.package_identification:_identify(src/create_robot) by extensions ['colcon_pkg']
[0.159s] Level 1:colcon.colcon_core.package_identification:_identify(src/create_robot) by extension 'colcon_pkg'
[0.159s] Level 1:colcon.colcon_core.package_identification:_identify(src/create_robot) by extensions ['colcon_meta']
[0.159s] Level 1:colcon.colcon_core.package_identification:_identify(src/create_robot) by extension 'colcon_meta'
[0.159s] Level 1:colcon.colcon_core.package_identification:_identify(src/create_robot) by extensions ['ros']
[0.159s] Level 1:colcon.colcon_core.package_identification:_identify(src/create_robot) by extension 'ros'
[0.159s] Level 1:colcon.colcon_core.package_identification:_identify(src/create_robot) by extensions ['cmake', 'python']
[0.159s] Level 1:colcon.colcon_core.package_identification:_identify(src/create_robot) by extension 'cmake'
[0.159s] Level 1:colcon.colcon_core.package_identification:_identify(src/create_robot) by extension 'python'
[0.159s] Level 1:colcon.colcon_core.package_identification:_identify(src/create_robot) by extensions ['python_setup_py']
[0.159s] Level 1:colcon.colcon_core.package_identification:_identify(src/create_robot) by extension 'python_setup_py'
[0.159s] Level 1:colcon.colcon_core.package_identification:_identify(src/create_robot/create_bringup) by extensions ['ignore', 'ignore_ament_install']
[0.160s] Level 1:colcon.colcon_core.package_identification:_identify(src/create_robot/create_bringup) by extension 'ignore'
[0.160s] Level 1:colcon.colcon_core.package_identification:_identify(src/create_robot/create_bringup) by extension 'ignore_ament_install'
[0.160s] Level 1:colcon.colcon_core.package_identification:_identify(src/create_robot/create_bringup) by extensions ['colcon_pkg']
[0.160s] Level 1:colcon.colcon_core.package_identification:_identify(src/create_robot/create_bringup) by extension 'colcon_pkg'
[0.160s] Level 1:colcon.colcon_core.package_identification:_identify(src/create_robot/create_bringup) by extensions ['colcon_meta']
[0.160s] Level 1:colcon.colcon_core.package_identification:_identify(src/create_robot/create_bringup) by extension 'colcon_meta'
[0.160s] Level 1:colcon.colcon_core.package_identification:_identify(src/create_robot/create_bringup) by extensions ['ros']
[0.160s] Level 1:colcon.colcon_core.package_identification:_identify(src/create_robot/create_bringup) by extension 'ros'
[0.162s] DEBUG:colcon.colcon_core.package_identification:Package 'src/create_robot/create_bringup' with type 'ros.ament_cmake' and name 'create_bringup'
[0.162s] Level 1:colcon.colcon_core.package_identification:_identify(src/create_robot/create_description) by extensions ['ignore', 'ignore_ament_install']
[0.162s] Level 1:colcon.colcon_core.package_identification:_identify(src/create_robot/create_description) by extension 'ignore'
[0.162s] Level 1:colcon.colcon_core.package_identification:_identify(src/create_robot/create_description) by extension 'ignore_ament_install'
[0.162s] Level 1:colcon.colcon_core.package_identification:_identify(src/create_robot/create_description) by extensions ['colcon_pkg']
[0.162s] Level 1:colcon.colcon_core.package_identification:_identify(src/create_robot/create_description) by extension 'colcon_pkg'
[0.162s] Level 1:colcon.colcon_core.package_identification:_identify(src/create_robot/create_description) by extensions ['colcon_meta']
[0.162s] Level 1:colcon.colcon_core.package_identification:_identify(src/create_robot/create_description) by extension 'colcon_meta'
[0.162s] Level 1:colcon.colcon_core.package_identification:_identify(src/create_robot/create_description) by extensions ['ros']
[0.162s] Level 1:colcon.colcon_core.package_identification:_identify(src/create_robot/create_description) by extension 'ros'
[0.162s] DEBUG:colcon.colcon_core.package_identification:Package 'src/create_robot/create_description' with type 'ros.ament_cmake' and name 'create_description'
[0.162s] Level 1:colcon.colcon_core.package_identification:_identify(src/create_robot/create_driver) by extensions ['ignore', 'ignore_ament_install']
[0.163s] Level 1:colcon.colcon_core.package_identification:_identify(src/create_robot/create_driver) by extension 'ignore'
[0.163s] Level 1:colcon.colcon_core.package_identification:_identify(src/create_robot/create_driver) by extension 'ignore_ament_install'
[0.163s] Level 1:colcon.colcon_core.package_identification:_identify(src/create_robot/create_driver) by extensions ['colcon_pkg']
[0.163s] Level 1:colcon.colcon_core.package_identification:_identify(src/create_robot/create_driver) by extension 'colcon_pkg'
[0.163s] Level 1:colcon.colcon_core.package_identification:_identify(src/create_robot/create_driver) by extensions ['colcon_meta']
[0.163s] Level 1:colcon.colcon_core.package_identification:_identify(src/create_robot/create_driver) by extension 'colcon_meta'
[0.163s] Level 1:colcon.colcon_core.package_identification:_identify(src/create_robot/create_driver) by extensions ['ros']
[0.163s] Level 1:colcon.colcon_core.package_identification:_identify(src/create_robot/create_driver) by extension 'ros'
[0.164s] DEBUG:colcon.colcon_core.package_identification:Package 'src/create_robot/create_driver' with type 'ros.ament_cmake' and name 'create_driver'
[0.164s] Level 1:colcon.colcon_core.package_identification:_identify(src/create_robot/create_msgs) by extensions ['ignore', 'ignore_ament_install']
[0.164s] Level 1:colcon.colcon_core.package_identification:_identify(src/create_robot/create_msgs) by extension 'ignore'
[0.164s] Level 1:colcon.colcon_core.package_identification:_identify(src/create_robot/create_msgs) by extension 'ignore_ament_install'
[0.164s] Level 1:colcon.colcon_core.package_identification:_identify(src/create_robot/create_msgs) by extensions ['colcon_pkg']
[0.164s] Level 1:colcon.colcon_core.package_identification:_identify(src/create_robot/create_msgs) by extension 'colcon_pkg'
[0.164s] Level 1:colcon.colcon_core.package_identification:_identify(src/create_robot/create_msgs) by extensions ['colcon_meta']
[0.164s] Level 1:colcon.colcon_core.package_identification:_identify(src/create_robot/create_msgs) by extension 'colcon_meta'
[0.164s] Level 1:colcon.colcon_core.package_identification:_identify(src/create_robot/create_msgs) by extensions ['ros']
[0.164s] Level 1:colcon.colcon_core.package_identification:_identify(src/create_robot/create_msgs) by extension 'ros'
[0.164s] DEBUG:colcon.colcon_core.package_identification:Package 'src/create_robot/create_msgs' with type 'ros.ament_cmake' and name 'create_msgs'
[0.164s] Level 1:colcon.colcon_core.package_identification:_identify(src/create_robot/create_robot) by extensions ['ignore', 'ignore_ament_install']
[0.165s] Level 1:colcon.colcon_core.package_identification:_identify(src/create_robot/create_robot) by extension 'ignore'
[0.165s] Level 1:colcon.colcon_core.package_identification:_identify(src/create_robot/create_robot) by extension 'ignore_ament_install'
[0.165s] Level 1:colcon.colcon_core.package_identification:_identify(src/create_robot/create_robot) by extensions ['colcon_pkg']
[0.165s] Level 1:colcon.colcon_core.package_identification:_identify(src/create_robot/create_robot) by extension 'colcon_pkg'
[0.165s] Level 1:colcon.colcon_core.package_identification:_identify(src/create_robot/create_robot) by extensions ['colcon_meta']
[0.165s] Level 1:colcon.colcon_core.package_identification:_identify(src/create_robot/create_robot) by extension 'colcon_meta'
[0.165s] Level 1:colcon.colcon_core.package_identification:_identify(src/create_robot/create_robot) by extensions ['ros']
[0.165s] Level 1:colcon.colcon_core.package_identification:_identify(src/create_robot/create_robot) by extension 'ros'
[0.165s] DEBUG:colcon.colcon_core.package_identification:Package 'src/create_robot/create_robot' with type 'ros.ament_cmake' and name 'create_robot'
[0.165s] Level 1:colcon.colcon_core.package_identification:_identify(test) by extensions ['ignore', 'ignore_ament_install']
[0.165s] Level 1:colcon.colcon_core.package_identification:_identify(test) by extension 'ignore'
[0.165s] Level 1:colcon.colcon_core.package_identification:_identify(test) by extension 'ignore_ament_install'
[0.166s] Level 1:colcon.colcon_core.package_identification:_identify(test) by extensions ['colcon_pkg']
[0.166s] Level 1:colcon.colcon_core.package_identification:_identify(test) by extension 'colcon_pkg'
[0.166s] Level 1:colcon.colcon_core.package_identification:_identify(test) by extensions ['colcon_meta']
[0.166s] Level 1:colcon.colcon_core.package_identification:_identify(test) by extension 'colcon_meta'
[0.166s] Level 1:colcon.colcon_core.package_identification:_identify(test) by extensions ['ros']
[0.166s] Level 1:colcon.colcon_core.package_identification:_identify(test) by extension 'ros'
[0.166s] Level 1:colcon.colcon_core.package_identification:_identify(test) by extensions ['cmake', 'python']
[0.166s] Level 1:colcon.colcon_core.package_identification:_identify(test) by extension 'cmake'
[0.166s] Level 1:colcon.colcon_core.package_identification:_identify(test) by extension 'python'
[0.166s] Level 1:colcon.colcon_core.package_identification:_identify(test) by extensions ['python_setup_py']
[0.166s] Level 1:colcon.colcon_core.package_identification:_identify(test) by extension 'python_setup_py'
[0.166s] Level 1:colcon.colcon_core.package_discovery:discover_packages(recursive) using defaults
[0.166s] Level 1:colcon.colcon_core.package_discovery:discover_packages(ignore) discover
[0.166s] Level 1:colcon.colcon_core.package_discovery:discover_packages(ignore) using defaults
[0.166s] Level 1:colcon.colcon_core.package_discovery:discover_packages(path) discover
[0.166s] Level 1:colcon.colcon_core.package_discovery:discover_packages(path) using defaults
[0.181s] INFO:colcon.colcon_core.package_selection:Skipping not selected package 'create_description' in 'src/create_robot/create_description'
[0.181s] INFO:colcon.colcon_core.package_selection:Skipping not selected package 'create_driver' in 'src/create_robot/create_driver'
[0.181s] INFO:colcon.colcon_core.package_selection:Skipping not selected package 'create_bringup' in 'src/create_robot/create_bringup'
[0.181s] INFO:colcon.colcon_core.package_selection:Skipping not selected package 'create_robot' in 'src/create_robot/create_robot'
[0.182s] Level 5:colcon.colcon_core.verb:set package 'create_msgs' build argument 'cmake_args' from command line to 'None'
[0.182s] Level 5:colcon.colcon_core.verb:set package 'create_msgs' build argument 'cmake_target' from command line to 'None'
[0.182s] Level 5:colcon.colcon_core.verb:set package 'create_msgs' build argument 'cmake_target_skip_unavailable' from command line to 'False'
[0.182s] Level 5:colcon.colcon_core.verb:set package 'create_msgs' build argument 'cmake_clean_cache' from command line to 'False'
[0.182s] Level 5:colcon.colcon_core.verb:set package 'create_msgs' build argument 'cmake_clean_first' from command line to 'False'
[0.182s] Level 5:colcon.colcon_core.verb:set package 'create_msgs' build argument 'cmake_force_configure' from command line to 'False'
[0.182s] Level 5:colcon.colcon_core.verb:set package 'create_msgs' build argument 'ament_cmake_args' from command line to 'None'
[0.182s] Level 5:colcon.colcon_core.verb:set package 'create_msgs' build argument 'catkin_cmake_args' from command line to 'None'
[0.182s] Level 5:colcon.colcon_core.verb:set package 'create_msgs' build argument 'catkin_skip_building_tests' from command line to 'False'
[0.182s] DEBUG:colcon.colcon_core.verb:Building package 'create_msgs' with the following arguments: {'ament_cmake_args': None, 'build_base': '/home/bartek/VSCodeWs/Roomba696ROS2Brain/build/create_msgs', 'catkin_cmake_args': None, 'catkin_skip_building_tests': False, 'cmake_args': None, 'cmake_clean_cache': False, 'cmake_clean_first': False, 'cmake_force_configure': False, 'cmake_target': None, 'cmake_target_skip_unavailable': False, 'install_base': '/home/bartek/VSCodeWs/Roomba696ROS2Brain/install/create_msgs', 'merge_install': False, 'path': '/home/bartek/VSCodeWs/Roomba696ROS2Brain/src/create_robot/create_msgs', 'symlink_install': False, 'test_result_base': None}
[0.182s] INFO:colcon.colcon_core.executor:Executing jobs using 'parallel' executor
[0.183s] DEBUG:colcon.colcon_parallel_executor.executor.parallel:run_until_complete
[0.183s] INFO:colcon.colcon_ros.task.ament_cmake.build:Building ROS package in '/home/bartek/VSCodeWs/Roomba696ROS2Brain/src/create_robot/create_msgs' with build type 'ament_cmake'
[0.183s] INFO:colcon.colcon_cmake.task.cmake.build:Building CMake package in '/home/bartek/VSCodeWs/Roomba696ROS2Brain/src/create_robot/create_msgs'
[0.184s] INFO:colcon.colcon_core.plugin_system:Skipping extension 'colcon_core.shell.bat': Not used on non-Windows systems
[0.184s] DEBUG:colcon.colcon_core.shell:Skip shell extension 'dsv' for command environment
[0.191s] DEBUG:colcon.colcon_core.event_handler.log_command:Invoking command in '/home/bartek/VSCodeWs/Roomba696ROS2Brain/build/create_msgs': CMAKE_PREFIX_PATH=${CMAKE_PREFIX_PATH}:/opt/ros/rolling DEBUGINFOD_URLS=https://debuginfod.ubuntu.com /usr/bin/cmake /home/bartek/VSCodeWs/Roomba696ROS2Brain/src/create_robot/create_msgs -DCMAKE_INSTALL_PREFIX=/home/bartek/VSCodeWs/Roomba696ROS2Brain/install/create_msgs
[2.542s] DEBUG:colcon.colcon_core.event_handler.log_command:Invoked command in '/home/bartek/VSCodeWs/Roomba696ROS2Brain/build/create_msgs' returned '0': CMAKE_PREFIX_PATH=${CMAKE_PREFIX_PATH}:/opt/ros/rolling DEBUGINFOD_URLS=https://debuginfod.ubuntu.com /usr/bin/cmake /home/bartek/VSCodeWs/Roomba696ROS2Brain/src/create_robot/create_msgs -DCMAKE_INSTALL_PREFIX=/home/bartek/VSCodeWs/Roomba696ROS2Brain/install/create_msgs
[2.543s] DEBUG:colcon.colcon_core.event_handler.log_command:Invoking command in '/home/bartek/VSCodeWs/Roomba696ROS2Brain/build/create_msgs': CMAKE_PREFIX_PATH=${CMAKE_PREFIX_PATH}:/opt/ros/rolling DEBUGINFOD_URLS=https://debuginfod.ubuntu.com /usr/bin/cmake --build /home/bartek/VSCodeWs/Roomba696ROS2Brain/build/create_msgs -- -j16 -l16
[6.613s] DEBUG:colcon.colcon_core.event_handler.log_command:Invoked command in '/home/bartek/VSCodeWs/Roomba696ROS2Brain/build/create_msgs' returned '0': CMAKE_PREFIX_PATH=${CMAKE_PREFIX_PATH}:/opt/ros/rolling DEBUGINFOD_URLS=https://debuginfod.ubuntu.com /usr/bin/cmake --build /home/bartek/VSCodeWs/Roomba696ROS2Brain/build/create_msgs -- -j16 -l16
[6.620s] DEBUG:colcon.colcon_core.event_handler.log_command:Invoking command in '/home/bartek/VSCodeWs/Roomba696ROS2Brain/build/create_msgs': CMAKE_PREFIX_PATH=${CMAKE_PREFIX_PATH}:/opt/ros/rolling DEBUGINFOD_URLS=https://debuginfod.ubuntu.com /usr/bin/cmake --install /home/bartek/VSCodeWs/Roomba696ROS2Brain/build/create_msgs
[6.696s] Level 1:colcon.colcon_core.environment:create_environment_scripts_only(create_msgs)
[6.696s] DEBUG:colcon.colcon_core.event_handler.log_command:Invoked command in '/home/bartek/VSCodeWs/Roomba696ROS2Brain/build/create_msgs' returned '0': CMAKE_PREFIX_PATH=${CMAKE_PREFIX_PATH}:/opt/ros/rolling DEBUGINFOD_URLS=https://debuginfod.ubuntu.com /usr/bin/cmake --install /home/bartek/VSCodeWs/Roomba696ROS2Brain/build/create_msgs
[6.698s] Level 1:colcon.colcon_core.environment:checking '/home/bartek/VSCodeWs/Roomba696ROS2Brain/install/create_msgs' for CMake module files
[6.698s] Level 1:colcon.colcon_core.environment:checking '/home/bartek/VSCodeWs/Roomba696ROS2Brain/install/create_msgs' for CMake config files
[6.699s] Level 1:colcon.colcon_core.shell:create_environment_hook('create_msgs', 'cmake_prefix_path')
[6.699s] INFO:colcon.colcon_core.shell:Creating environment descriptor '/home/bartek/VSCodeWs/Roomba696ROS2Brain/install/create_msgs/share/create_msgs/hook/cmake_prefix_path.dsv'
[6.699s] INFO:colcon.colcon_core.shell:Creating environment hook '/home/bartek/VSCodeWs/Roomba696ROS2Brain/install/create_msgs/share/create_msgs/hook/cmake_prefix_path.sh'
[6.700s] Level 1:colcon.colcon_core.environment:checking '/home/bartek/VSCodeWs/Roomba696ROS2Brain/install/create_msgs/lib'
[6.700s] Level 1:colcon.colcon_core.shell:create_environment_hook('create_msgs', 'ld_library_path_lib')
[6.700s] INFO:colcon.colcon_core.shell:Creating environment descriptor '/home/bartek/VSCodeWs/Roomba696ROS2Brain/install/create_msgs/share/create_msgs/hook/ld_library_path_lib.dsv'
[6.700s] INFO:colcon.colcon_core.shell:Creating environment hook '/home/bartek/VSCodeWs/Roomba696ROS2Brain/install/create_msgs/share/create_msgs/hook/ld_library_path_lib.sh'
[6.701s] Level 1:colcon.colcon_core.environment:checking '/home/bartek/VSCodeWs/Roomba696ROS2Brain/install/create_msgs/bin'
[6.701s] Level 1:colcon.colcon_core.environment:checking '/home/bartek/VSCodeWs/Roomba696ROS2Brain/install/create_msgs/lib/pkgconfig/create_msgs.pc'
[6.702s] Level 1:colcon.colcon_core.environment:checking '/home/bartek/VSCodeWs/Roomba696ROS2Brain/install/create_msgs/lib/python3.12/site-packages'
[6.702s] Level 1:colcon.colcon_core.shell:create_environment_hook('create_msgs', 'pythonpath')
[6.702s] INFO:colcon.colcon_core.shell:Creating environment descriptor '/home/bartek/VSCodeWs/Roomba696ROS2Brain/install/create_msgs/share/create_msgs/hook/pythonpath.dsv'
[6.703s] INFO:colcon.colcon_core.shell:Creating environment hook '/home/bartek/VSCodeWs/Roomba696ROS2Brain/install/create_msgs/share/create_msgs/hook/pythonpath.sh'
[6.703s] Level 1:colcon.colcon_core.environment:checking '/home/bartek/VSCodeWs/Roomba696ROS2Brain/install/create_msgs/bin'
[6.703s] INFO:colcon.colcon_core.shell:Creating package descriptor '/home/bartek/VSCodeWs/Roomba696ROS2Brain/install/create_msgs/share/create_msgs/package.dsv'
[6.704s] INFO:colcon.colcon_core.shell:Creating package script '/home/bartek/VSCodeWs/Roomba696ROS2Brain/install/create_msgs/share/create_msgs/package.sh'
[6.704s] INFO:colcon.colcon_core.shell:Creating package script '/home/bartek/VSCodeWs/Roomba696ROS2Brain/install/create_msgs/share/create_msgs/package.bash'
[6.705s] INFO:colcon.colcon_core.shell:Creating package script '/home/bartek/VSCodeWs/Roomba696ROS2Brain/install/create_msgs/share/create_msgs/package.zsh'
[6.705s] Level 1:colcon.colcon_core.environment:create_file_with_runtime_dependencies(/home/bartek/VSCodeWs/Roomba696ROS2Brain/install/create_msgs/share/colcon-core/packages/create_msgs)
[6.705s] Level 1:colcon.colcon_core.environment:create_environment_scripts_only(create_msgs)
[6.706s] Level 1:colcon.colcon_core.environment:checking '/home/bartek/VSCodeWs/Roomba696ROS2Brain/install/create_msgs' for CMake module files
[6.706s] Level 1:colcon.colcon_core.environment:checking '/home/bartek/VSCodeWs/Roomba696ROS2Brain/install/create_msgs' for CMake config files
[6.706s] Level 1:colcon.colcon_core.shell:create_environment_hook('create_msgs', 'cmake_prefix_path')
[6.707s] INFO:colcon.colcon_core.shell:Creating environment descriptor '/home/bartek/VSCodeWs/Roomba696ROS2Brain/install/create_msgs/share/create_msgs/hook/cmake_prefix_path.dsv'
[6.707s] INFO:colcon.colcon_core.shell:Creating environment hook '/home/bartek/VSCodeWs/Roomba696ROS2Brain/install/create_msgs/share/create_msgs/hook/cmake_prefix_path.sh'
[6.707s] Level 1:colcon.colcon_core.environment:checking '/home/bartek/VSCodeWs/Roomba696ROS2Brain/install/create_msgs/lib'
[6.707s] Level 1:colcon.colcon_core.shell:create_environment_hook('create_msgs', 'ld_library_path_lib')
[6.707s] INFO:colcon.colcon_core.shell:Creating environment descriptor '/home/bartek/VSCodeWs/Roomba696ROS2Brain/install/create_msgs/share/create_msgs/hook/ld_library_path_lib.dsv'
[6.708s] INFO:colcon.colcon_core.shell:Creating environment hook '/home/bartek/VSCodeWs/Roomba696ROS2Brain/install/create_msgs/share/create_msgs/hook/ld_library_path_lib.sh'
[6.708s] Level 1:colcon.colcon_core.environment:checking '/home/bartek/VSCodeWs/Roomba696ROS2Brain/install/create_msgs/bin'
[6.708s] Level 1:colcon.colcon_core.environment:checking '/home/bartek/VSCodeWs/Roomba696ROS2Brain/install/create_msgs/lib/pkgconfig/create_msgs.pc'
[6.708s] Level 1:colcon.colcon_core.environment:checking '/home/bartek/VSCodeWs/Roomba696ROS2Brain/install/create_msgs/lib/python3.12/site-packages'
[6.708s] Level 1:colcon.colcon_core.shell:create_environment_hook('create_msgs', 'pythonpath')
[6.708s] INFO:colcon.colcon_core.shell:Creating environment descriptor '/home/bartek/VSCodeWs/Roomba696ROS2Brain/install/create_msgs/share/create_msgs/hook/pythonpath.dsv'
[6.708s] INFO:colcon.colcon_core.shell:Creating environment hook '/home/bartek/VSCodeWs/Roomba696ROS2Brain/install/create_msgs/share/create_msgs/hook/pythonpath.sh'
[6.710s] Level 1:colcon.colcon_core.environment:checking '/home/bartek/VSCodeWs/Roomba696ROS2Brain/install/create_msgs/bin'
[6.710s] INFO:colcon.colcon_core.shell:Creating package descriptor '/home/bartek/VSCodeWs/Roomba696ROS2Brain/install/create_msgs/share/create_msgs/package.dsv'
[6.710s] INFO:colcon.colcon_core.shell:Creating package script '/home/bartek/VSCodeWs/Roomba696ROS2Brain/install/create_msgs/share/create_msgs/package.sh'
[6.710s] INFO:colcon.colcon_core.shell:Creating package script '/home/bartek/VSCodeWs/Roomba696ROS2Brain/install/create_msgs/share/create_msgs/package.bash'
[6.711s] INFO:colcon.colcon_core.shell:Creating package script '/home/bartek/VSCodeWs/Roomba696ROS2Brain/install/create_msgs/share/create_msgs/package.zsh'
[6.711s] Level 1:colcon.colcon_core.environment:create_file_with_runtime_dependencies(/home/bartek/VSCodeWs/Roomba696ROS2Brain/install/create_msgs/share/colcon-core/packages/create_msgs)
[6.711s] DEBUG:colcon.colcon_parallel_executor.executor.parallel:closing loop
[6.711s] DEBUG:colcon.colcon_parallel_executor.executor.parallel:loop closed
[6.711s] DEBUG:colcon.colcon_parallel_executor.executor.parallel:run_until_complete finished with '0'
[6.711s] DEBUG:colcon.colcon_core.event_reactor:joining thread
[6.716s] INFO:colcon.colcon_core.plugin_system:Skipping extension 'colcon_notification.desktop_notification.terminal_notifier': Not used on non-Darwin systems
[6.717s] INFO:colcon.colcon_core.plugin_system:Skipping extension 'colcon_notification.desktop_notification.win32': Not used on non-Windows systems
[6.717s] INFO:colcon.colcon_notification.desktop_notification:Sending desktop notification using 'notify2'
[6.728s] DEBUG:colcon.colcon_core.event_reactor:joined thread
[6.729s] INFO:colcon.colcon_core.shell:Creating prefix script '/home/bartek/VSCodeWs/Roomba696ROS2Brain/install/local_setup.sh'
[6.729s] INFO:colcon.colcon_core.shell:Creating prefix util module '/home/bartek/VSCodeWs/Roomba696ROS2Brain/install/_local_setup_util_sh.py'
[6.730s] INFO:colcon.colcon_core.shell:Creating prefix chain script '/home/bartek/VSCodeWs/Roomba696ROS2Brain/install/setup.sh'
[6.731s] INFO:colcon.colcon_core.shell:Creating prefix script '/home/bartek/VSCodeWs/Roomba696ROS2Brain/install/local_setup.bash'
[6.731s] INFO:colcon.colcon_core.shell:Creating prefix chain script '/home/bartek/VSCodeWs/Roomba696ROS2Brain/install/setup.bash'
[6.732s] INFO:colcon.colcon_core.shell:Creating prefix script '/home/bartek/VSCodeWs/Roomba696ROS2Brain/install/local_setup.zsh'
[6.732s] INFO:colcon.colcon_core.shell:Creating prefix chain script '/home/bartek/VSCodeWs/Roomba696ROS2Brain/install/setup.zsh'
